ARM GAS  /tmp/ccbePEyT.s 			page 1


   1              		.syntax unified
   2              		.cpu cortex-m3
   3              		.fpu softvfp
   4              		.eabi_attribute 20, 1
   5              		.eabi_attribute 21, 1
   6              		.eabi_attribute 23, 3
   7              		.eabi_attribute 24, 1
   8              		.eabi_attribute 25, 1
   9              		.eabi_attribute 26, 1
  10              		.eabi_attribute 30, 1
  11              		.eabi_attribute 34, 1
  12              		.eabi_attribute 18, 4
  13              		.thumb
  14              		.file	"gpio.c"
  15              		.text
  16              	.Ltext0:
  17              		.cfi_sections	.debug_frame
  18              		.section	.text.MX_GPIO_Init,"ax",%progbits
  19              		.align	2
  20              		.global	MX_GPIO_Init
  21              		.thumb
  22              		.thumb_func
  24              	MX_GPIO_Init:
  25              	.LFB63:
  26              		.file 1 "Src/gpio.c"
   1:Src/gpio.c    **** /**
   2:Src/gpio.c    ****   ******************************************************************************
   3:Src/gpio.c    ****   * File Name          : gpio.c
   4:Src/gpio.c    ****   * Description        : This file provides code for the configuration
   5:Src/gpio.c    ****   *                      of all used GPIO pins.
   6:Src/gpio.c    ****   ******************************************************************************
   7:Src/gpio.c    ****   ** This notice applies to any and all portions of this file
   8:Src/gpio.c    ****   * that are not between comment pairs USER CODE BEGIN and
   9:Src/gpio.c    ****   * USER CODE END. Other portions of this file, whether 
  10:Src/gpio.c    ****   * inserted by the user or by software development tools
  11:Src/gpio.c    ****   * are owned by their respective copyright owners.
  12:Src/gpio.c    ****   *
  13:Src/gpio.c    ****   * COPYRIGHT(c) 2018 STMicroelectronics
  14:Src/gpio.c    ****   *
  15:Src/gpio.c    ****   * Redistribution and use in source and binary forms, with or without modification,
  16:Src/gpio.c    ****   * are permitted provided that the following conditions are met:
  17:Src/gpio.c    ****   *   1. Redistributions of source code must retain the above copyright notice,
  18:Src/gpio.c    ****   *      this list of conditions and the following disclaimer.
  19:Src/gpio.c    ****   *   2. Redistributions in binary form must reproduce the above copyright notice,
  20:Src/gpio.c    ****   *      this list of conditions and the following disclaimer in the documentation
  21:Src/gpio.c    ****   *      and/or other materials provided with the distribution.
  22:Src/gpio.c    ****   *   3. Neither the name of STMicroelectronics nor the names of its contributors
  23:Src/gpio.c    ****   *      may be used to endorse or promote products derived from this software
  24:Src/gpio.c    ****   *      without specific prior written permission.
  25:Src/gpio.c    ****   *
  26:Src/gpio.c    ****   * THIS SOFTWARE IS PROVIDED BY THE COPYRIGHT HOLDERS AND CONTRIBUTORS "AS IS"
  27:Src/gpio.c    ****   * AND ANY EXPRESS OR IMPLIED WARRANTIES, INCLUDING, BUT NOT LIMITED TO, THE
  28:Src/gpio.c    ****   * IMPLIED WARRANTIES OF MERCHANTABILITY AND FITNESS FOR A PARTICULAR PURPOSE ARE
  29:Src/gpio.c    ****   * DISCLAIMED. IN NO EVENT SHALL THE COPYRIGHT HOLDER OR CONTRIBUTORS BE LIABLE
  30:Src/gpio.c    ****   * FOR ANY DIRECT, INDIRECT, INCIDENTAL, SPECIAL, EXEMPLARY, OR CONSEQUENTIAL
  31:Src/gpio.c    ****   * DAMAGES (INCLUDING, BUT NOT LIMITED TO, PROCUREMENT OF SUBSTITUTE GOODS OR
  32:Src/gpio.c    ****   * SERVICES; LOSS OF USE, DATA, OR PROFITS; OR BUSINESS INTERRUPTION) HOWEVER
ARM GAS  /tmp/ccbePEyT.s 			page 2


  33:Src/gpio.c    ****   * CAUSED AND ON ANY THEORY OF LIABILITY, WHETHER IN CONTRACT, STRICT LIABILITY,
  34:Src/gpio.c    ****   * OR TORT (INCLUDING NEGLIGENCE OR OTHERWISE) ARISING IN ANY WAY OUT OF THE USE
  35:Src/gpio.c    ****   * OF THIS SOFTWARE, EVEN IF ADVISED OF THE POSSIBILITY OF SUCH DAMAGE.
  36:Src/gpio.c    ****   *
  37:Src/gpio.c    ****   ******************************************************************************
  38:Src/gpio.c    ****   */
  39:Src/gpio.c    **** 
  40:Src/gpio.c    **** /* Includes ------------------------------------------------------------------*/
  41:Src/gpio.c    **** #include "gpio.h"
  42:Src/gpio.c    **** /* USER CODE BEGIN 0 */
  43:Src/gpio.c    **** 
  44:Src/gpio.c    **** /* USER CODE END 0 */
  45:Src/gpio.c    **** 
  46:Src/gpio.c    **** /*----------------------------------------------------------------------------*/
  47:Src/gpio.c    **** /* Configure GPIO                                                             */
  48:Src/gpio.c    **** /*----------------------------------------------------------------------------*/
  49:Src/gpio.c    **** /* USER CODE BEGIN 1 */
  50:Src/gpio.c    **** 
  51:Src/gpio.c    **** /* USER CODE END 1 */
  52:Src/gpio.c    **** 
  53:Src/gpio.c    **** /** Configure pins as 
  54:Src/gpio.c    ****         * Analog 
  55:Src/gpio.c    ****         * Input 
  56:Src/gpio.c    ****         * Output
  57:Src/gpio.c    ****         * EVENT_OUT
  58:Src/gpio.c    ****         * EXTI
  59:Src/gpio.c    **** */
  60:Src/gpio.c    **** void MX_GPIO_Init(void)
  61:Src/gpio.c    **** {
  27              		.loc 1 61 0
  28              		.cfi_startproc
  29              		@ args = 0, pretend = 0, frame = 32
  30              		@ frame_needed = 0, uses_anonymous_args = 0
  31 0000 70B5     		push	{r4, r5, r6, lr}
  32              	.LCFI0:
  33              		.cfi_def_cfa_offset 16
  34              		.cfi_offset 4, -16
  35              		.cfi_offset 5, -12
  36              		.cfi_offset 6, -8
  37              		.cfi_offset 14, -4
  38 0002 88B0     		sub	sp, sp, #32
  39              	.LCFI1:
  40              		.cfi_def_cfa_offset 48
  41              	.LBB2:
  62:Src/gpio.c    **** 
  63:Src/gpio.c    ****   GPIO_InitTypeDef GPIO_InitStruct;
  64:Src/gpio.c    **** 
  65:Src/gpio.c    ****   /* GPIO Ports Clock Enable */
  66:Src/gpio.c    ****   __HAL_RCC_GPIOC_CLK_ENABLE();
  42              		.loc 1 66 0
  43 0004 1E4B     		ldr	r3, .L3
  44 0006 9A69     		ldr	r2, [r3, #24]
  45 0008 42F01002 		orr	r2, r2, #16
  46 000c 9A61     		str	r2, [r3, #24]
  47 000e 9A69     		ldr	r2, [r3, #24]
  48 0010 02F01002 		and	r2, r2, #16
  49 0014 0092     		str	r2, [sp]
ARM GAS  /tmp/ccbePEyT.s 			page 3


  50 0016 009A     		ldr	r2, [sp]
  51              	.LBE2:
  52              	.LBB3:
  67:Src/gpio.c    ****   __HAL_RCC_GPIOD_CLK_ENABLE();
  53              		.loc 1 67 0
  54 0018 9A69     		ldr	r2, [r3, #24]
  55 001a 42F02002 		orr	r2, r2, #32
  56 001e 9A61     		str	r2, [r3, #24]
  57 0020 9A69     		ldr	r2, [r3, #24]
  58 0022 02F02002 		and	r2, r2, #32
  59 0026 0192     		str	r2, [sp, #4]
  60 0028 019A     		ldr	r2, [sp, #4]
  61              	.LBE3:
  62              	.LBB4:
  68:Src/gpio.c    ****   __HAL_RCC_GPIOA_CLK_ENABLE();
  63              		.loc 1 68 0
  64 002a 9A69     		ldr	r2, [r3, #24]
  65 002c 42F00402 		orr	r2, r2, #4
  66 0030 9A61     		str	r2, [r3, #24]
  67 0032 9A69     		ldr	r2, [r3, #24]
  68 0034 02F00402 		and	r2, r2, #4
  69 0038 0292     		str	r2, [sp, #8]
  70 003a 029A     		ldr	r2, [sp, #8]
  71              	.LBE4:
  72              	.LBB5:
  69:Src/gpio.c    ****   __HAL_RCC_GPIOB_CLK_ENABLE();
  73              		.loc 1 69 0
  74 003c 9A69     		ldr	r2, [r3, #24]
  75 003e 42F00802 		orr	r2, r2, #8
  76 0042 9A61     		str	r2, [r3, #24]
  77 0044 9B69     		ldr	r3, [r3, #24]
  78 0046 03F00803 		and	r3, r3, #8
  79 004a 0393     		str	r3, [sp, #12]
  80 004c 039B     		ldr	r3, [sp, #12]
  81              	.LBE5:
  70:Src/gpio.c    **** 
  71:Src/gpio.c    ****   GPIO_InitStruct.Pin = spi1_cs_pressure_Pin;
  82              		.loc 1 71 0
  83 004e 1023     		movs	r3, #16
  84 0050 0493     		str	r3, [sp, #16]
  72:Src/gpio.c    ****   GPIO_InitStruct.Mode = GPIO_MODE_OUTPUT_PP;
  85              		.loc 1 72 0
  86 0052 0126     		movs	r6, #1
  87 0054 0596     		str	r6, [sp, #20]
  73:Src/gpio.c    ****   GPIO_InitStruct.Pull = GPIO_NOPULL;
  88              		.loc 1 73 0
  89 0056 0025     		movs	r5, #0
  90 0058 0695     		str	r5, [sp, #24]
  74:Src/gpio.c    ****   GPIO_InitStruct.Speed = GPIO_SPEED_FREQ_LOW;
  91              		.loc 1 74 0
  92 005a 0224     		movs	r4, #2
  93 005c 0794     		str	r4, [sp, #28]
  75:Src/gpio.c    ****   HAL_GPIO_Init(spi1_cs_pressure_GPIO_Port, &GPIO_InitStruct);
  94              		.loc 1 75 0
  95 005e 0948     		ldr	r0, .L3+4
  96 0060 0DEB0301 		add	r1, sp, r3
  97 0064 FFF7FEFF 		bl	HAL_GPIO_Init
ARM GAS  /tmp/ccbePEyT.s 			page 4


  98              	.LVL0:
  76:Src/gpio.c    **** 
  77:Src/gpio.c    ****   GPIO_InitStruct.Pin = led0_Pin;
  99              		.loc 1 77 0
 100 0068 4FF40053 		mov	r3, #8192
 101 006c 0493     		str	r3, [sp, #16]
  78:Src/gpio.c    ****   GPIO_InitStruct.Mode = GPIO_MODE_OUTPUT_PP;
 102              		.loc 1 78 0
 103 006e 0596     		str	r6, [sp, #20]
  79:Src/gpio.c    ****   GPIO_InitStruct.Pull = GPIO_NOPULL;
 104              		.loc 1 79 0
 105 0070 0695     		str	r5, [sp, #24]
  80:Src/gpio.c    ****   GPIO_InitStruct.Speed = GPIO_SPEED_FREQ_LOW;
 106              		.loc 1 80 0
 107 0072 0794     		str	r4, [sp, #28]
  81:Src/gpio.c    ****   HAL_GPIO_Init(GPIOC, &GPIO_InitStruct);
 108              		.loc 1 81 0
 109 0074 0448     		ldr	r0, .L3+8
 110 0076 04A9     		add	r1, sp, #16
 111 0078 FFF7FEFF 		bl	HAL_GPIO_Init
 112              	.LVL1:
  82:Src/gpio.c    **** 
  83:Src/gpio.c    **** 
  84:Src/gpio.c    **** 
  85:Src/gpio.c    **** 
  86:Src/gpio.c    **** }
 113              		.loc 1 86 0
 114 007c 08B0     		add	sp, sp, #32
 115              	.LCFI2:
 116              		.cfi_def_cfa_offset 16
 117              		@ sp needed
 118 007e 70BD     		pop	{r4, r5, r6, pc}
 119              	.L4:
 120              		.align	2
 121              	.L3:
 122 0080 00100240 		.word	1073876992
 123 0084 00080140 		.word	1073809408
 124 0088 00100140 		.word	1073811456
 125              		.cfi_endproc
 126              	.LFE63:
 128              		.text
 129              	.Letext0:
 130              		.file 2 "/usr/include/newlib/machine/_default_types.h"
 131              		.file 3 "/usr/include/newlib/sys/_stdint.h"
 132              		.file 4 "Drivers/CMSIS/Device/ST/STM32F1xx/Include/stm32f103xb.h"
 133              		.file 5 "Drivers/STM32F1xx_HAL_Driver/Inc/stm32f1xx_hal_gpio.h"
 134              		.file 6 "Drivers/CMSIS/Include/core_cm3.h"
ARM GAS  /tmp/ccbePEyT.s 			page 5


DEFINED SYMBOLS
                            *ABS*:0000000000000000 gpio.c
     /tmp/ccbePEyT.s:19     .text.MX_GPIO_Init:0000000000000000 $t
     /tmp/ccbePEyT.s:24     .text.MX_GPIO_Init:0000000000000000 MX_GPIO_Init
     /tmp/ccbePEyT.s:122    .text.MX_GPIO_Init:0000000000000080 $d
                     .debug_frame:0000000000000010 $d

UNDEFINED SYMBOLS
HAL_GPIO_Init
