ARM GAS  /tmp/cczFPRnd.s 			page 1


   1              		.syntax unified
   2              		.cpu cortex-m3
   3              		.fpu softvfp
   4              		.eabi_attribute 20, 1
   5              		.eabi_attribute 21, 1
   6              		.eabi_attribute 23, 3
   7              		.eabi_attribute 24, 1
   8              		.eabi_attribute 25, 1
   9              		.eabi_attribute 26, 1
  10              		.eabi_attribute 30, 1
  11              		.eabi_attribute 34, 1
  12              		.eabi_attribute 18, 4
  13              		.thumb
  14              		.file	"stm32f1xx_hal.c"
  15              		.text
  16              	.Ltext0:
  17              		.cfi_sections	.debug_frame
  18              		.section	.text.HAL_MspInit,"ax",%progbits
  19              		.align	2
  20              		.weak	HAL_MspInit
  21              		.thumb
  22              		.thumb_func
  24              	HAL_MspInit:
  25              	.LFB65:
  26              		.file 1 "Drivers/STM32F1xx_HAL_Driver/Src/stm32f1xx_hal.c"
   1:Drivers/STM32F1xx_HAL_Driver/Src/stm32f1xx_hal.c **** /**
   2:Drivers/STM32F1xx_HAL_Driver/Src/stm32f1xx_hal.c ****   ******************************************************************************
   3:Drivers/STM32F1xx_HAL_Driver/Src/stm32f1xx_hal.c ****   * @file    stm32f1xx_hal.c
   4:Drivers/STM32F1xx_HAL_Driver/Src/stm32f1xx_hal.c ****   * @author  MCD Application Team
   5:Drivers/STM32F1xx_HAL_Driver/Src/stm32f1xx_hal.c ****   * @brief   HAL module driver.
   6:Drivers/STM32F1xx_HAL_Driver/Src/stm32f1xx_hal.c ****   *          This is the common part of the HAL initialization
   7:Drivers/STM32F1xx_HAL_Driver/Src/stm32f1xx_hal.c ****   *
   8:Drivers/STM32F1xx_HAL_Driver/Src/stm32f1xx_hal.c ****   @verbatim
   9:Drivers/STM32F1xx_HAL_Driver/Src/stm32f1xx_hal.c ****   ==============================================================================
  10:Drivers/STM32F1xx_HAL_Driver/Src/stm32f1xx_hal.c ****                      ##### How to use this driver #####
  11:Drivers/STM32F1xx_HAL_Driver/Src/stm32f1xx_hal.c ****   ==============================================================================
  12:Drivers/STM32F1xx_HAL_Driver/Src/stm32f1xx_hal.c ****     [..]
  13:Drivers/STM32F1xx_HAL_Driver/Src/stm32f1xx_hal.c ****     The common HAL driver contains a set of generic and common APIs that can be
  14:Drivers/STM32F1xx_HAL_Driver/Src/stm32f1xx_hal.c ****     used by the PPP peripheral drivers and the user to start using the HAL.
  15:Drivers/STM32F1xx_HAL_Driver/Src/stm32f1xx_hal.c ****     [..]
  16:Drivers/STM32F1xx_HAL_Driver/Src/stm32f1xx_hal.c ****     The HAL contains two APIs' categories:
  17:Drivers/STM32F1xx_HAL_Driver/Src/stm32f1xx_hal.c ****          (+) Common HAL APIs
  18:Drivers/STM32F1xx_HAL_Driver/Src/stm32f1xx_hal.c ****          (+) Services HAL APIs
  19:Drivers/STM32F1xx_HAL_Driver/Src/stm32f1xx_hal.c **** 
  20:Drivers/STM32F1xx_HAL_Driver/Src/stm32f1xx_hal.c ****   @endverbatim
  21:Drivers/STM32F1xx_HAL_Driver/Src/stm32f1xx_hal.c ****   ******************************************************************************
  22:Drivers/STM32F1xx_HAL_Driver/Src/stm32f1xx_hal.c ****   * @attention
  23:Drivers/STM32F1xx_HAL_Driver/Src/stm32f1xx_hal.c ****   *
  24:Drivers/STM32F1xx_HAL_Driver/Src/stm32f1xx_hal.c ****   * <h2><center>&copy; COPYRIGHT(c) 2016 STMicroelectronics</center></h2>
  25:Drivers/STM32F1xx_HAL_Driver/Src/stm32f1xx_hal.c ****   *
  26:Drivers/STM32F1xx_HAL_Driver/Src/stm32f1xx_hal.c ****   * Redistribution and use in source and binary forms, with or without modification,
  27:Drivers/STM32F1xx_HAL_Driver/Src/stm32f1xx_hal.c ****   * are permitted provided that the following conditions are met:
  28:Drivers/STM32F1xx_HAL_Driver/Src/stm32f1xx_hal.c ****   *   1. Redistributions of source code must retain the above copyright notice,
  29:Drivers/STM32F1xx_HAL_Driver/Src/stm32f1xx_hal.c ****   *      this list of conditions and the following disclaimer.
  30:Drivers/STM32F1xx_HAL_Driver/Src/stm32f1xx_hal.c ****   *   2. Redistributions in binary form must reproduce the above copyright notice,
  31:Drivers/STM32F1xx_HAL_Driver/Src/stm32f1xx_hal.c ****   *      this list of conditions and the following disclaimer in the documentation
  32:Drivers/STM32F1xx_HAL_Driver/Src/stm32f1xx_hal.c ****   *      and/or other materials provided with the distribution.
ARM GAS  /tmp/cczFPRnd.s 			page 2


  33:Drivers/STM32F1xx_HAL_Driver/Src/stm32f1xx_hal.c ****   *   3. Neither the name of STMicroelectronics nor the names of its contributors
  34:Drivers/STM32F1xx_HAL_Driver/Src/stm32f1xx_hal.c ****   *      may be used to endorse or promote products derived from this software
  35:Drivers/STM32F1xx_HAL_Driver/Src/stm32f1xx_hal.c ****   *      without specific prior written permission.
  36:Drivers/STM32F1xx_HAL_Driver/Src/stm32f1xx_hal.c ****   *
  37:Drivers/STM32F1xx_HAL_Driver/Src/stm32f1xx_hal.c ****   * THIS SOFTWARE IS PROVIDED BY THE COPYRIGHT HOLDERS AND CONTRIBUTORS "AS IS"
  38:Drivers/STM32F1xx_HAL_Driver/Src/stm32f1xx_hal.c ****   * AND ANY EXPRESS OR IMPLIED WARRANTIES, INCLUDING, BUT NOT LIMITED TO, THE
  39:Drivers/STM32F1xx_HAL_Driver/Src/stm32f1xx_hal.c ****   * IMPLIED WARRANTIES OF MERCHANTABILITY AND FITNESS FOR A PARTICULAR PURPOSE ARE
  40:Drivers/STM32F1xx_HAL_Driver/Src/stm32f1xx_hal.c ****   * DISCLAIMED. IN NO EVENT SHALL THE COPYRIGHT HOLDER OR CONTRIBUTORS BE LIABLE
  41:Drivers/STM32F1xx_HAL_Driver/Src/stm32f1xx_hal.c ****   * FOR ANY DIRECT, INDIRECT, INCIDENTAL, SPECIAL, EXEMPLARY, OR CONSEQUENTIAL
  42:Drivers/STM32F1xx_HAL_Driver/Src/stm32f1xx_hal.c ****   * DAMAGES (INCLUDING, BUT NOT LIMITED TO, PROCUREMENT OF SUBSTITUTE GOODS OR
  43:Drivers/STM32F1xx_HAL_Driver/Src/stm32f1xx_hal.c ****   * SERVICES; LOSS OF USE, DATA, OR PROFITS; OR BUSINESS INTERRUPTION) HOWEVER
  44:Drivers/STM32F1xx_HAL_Driver/Src/stm32f1xx_hal.c ****   * CAUSED AND ON ANY THEORY OF LIABILITY, WHETHER IN CONTRACT, STRICT LIABILITY,
  45:Drivers/STM32F1xx_HAL_Driver/Src/stm32f1xx_hal.c ****   * OR TORT (INCLUDING NEGLIGENCE OR OTHERWISE) ARISING IN ANY WAY OUT OF THE USE
  46:Drivers/STM32F1xx_HAL_Driver/Src/stm32f1xx_hal.c ****   * OF THIS SOFTWARE, EVEN IF ADVISED OF THE POSSIBILITY OF SUCH DAMAGE.
  47:Drivers/STM32F1xx_HAL_Driver/Src/stm32f1xx_hal.c ****   *
  48:Drivers/STM32F1xx_HAL_Driver/Src/stm32f1xx_hal.c ****   ******************************************************************************
  49:Drivers/STM32F1xx_HAL_Driver/Src/stm32f1xx_hal.c ****   */
  50:Drivers/STM32F1xx_HAL_Driver/Src/stm32f1xx_hal.c **** 
  51:Drivers/STM32F1xx_HAL_Driver/Src/stm32f1xx_hal.c **** /* Includes ------------------------------------------------------------------*/
  52:Drivers/STM32F1xx_HAL_Driver/Src/stm32f1xx_hal.c **** #include "stm32f1xx_hal.h"
  53:Drivers/STM32F1xx_HAL_Driver/Src/stm32f1xx_hal.c **** 
  54:Drivers/STM32F1xx_HAL_Driver/Src/stm32f1xx_hal.c **** /** @addtogroup STM32F1xx_HAL_Driver
  55:Drivers/STM32F1xx_HAL_Driver/Src/stm32f1xx_hal.c ****   * @{
  56:Drivers/STM32F1xx_HAL_Driver/Src/stm32f1xx_hal.c ****   */
  57:Drivers/STM32F1xx_HAL_Driver/Src/stm32f1xx_hal.c **** 
  58:Drivers/STM32F1xx_HAL_Driver/Src/stm32f1xx_hal.c **** /** @defgroup HAL HAL
  59:Drivers/STM32F1xx_HAL_Driver/Src/stm32f1xx_hal.c ****   * @brief HAL module driver.
  60:Drivers/STM32F1xx_HAL_Driver/Src/stm32f1xx_hal.c ****   * @{
  61:Drivers/STM32F1xx_HAL_Driver/Src/stm32f1xx_hal.c ****   */
  62:Drivers/STM32F1xx_HAL_Driver/Src/stm32f1xx_hal.c **** 
  63:Drivers/STM32F1xx_HAL_Driver/Src/stm32f1xx_hal.c **** #ifdef HAL_MODULE_ENABLED
  64:Drivers/STM32F1xx_HAL_Driver/Src/stm32f1xx_hal.c **** 
  65:Drivers/STM32F1xx_HAL_Driver/Src/stm32f1xx_hal.c **** /* Private typedef -----------------------------------------------------------*/
  66:Drivers/STM32F1xx_HAL_Driver/Src/stm32f1xx_hal.c **** /* Private define ------------------------------------------------------------*/
  67:Drivers/STM32F1xx_HAL_Driver/Src/stm32f1xx_hal.c **** 
  68:Drivers/STM32F1xx_HAL_Driver/Src/stm32f1xx_hal.c **** /** @defgroup HAL_Private_Constants HAL Private Constants
  69:Drivers/STM32F1xx_HAL_Driver/Src/stm32f1xx_hal.c ****   * @{
  70:Drivers/STM32F1xx_HAL_Driver/Src/stm32f1xx_hal.c ****   */
  71:Drivers/STM32F1xx_HAL_Driver/Src/stm32f1xx_hal.c **** /**
  72:Drivers/STM32F1xx_HAL_Driver/Src/stm32f1xx_hal.c ****  * @brief STM32F1xx HAL Driver version number V1.1.2
  73:Drivers/STM32F1xx_HAL_Driver/Src/stm32f1xx_hal.c ****    */
  74:Drivers/STM32F1xx_HAL_Driver/Src/stm32f1xx_hal.c **** #define __STM32F1xx_HAL_VERSION_MAIN   (0x01U) /*!< [31:24] main version */
  75:Drivers/STM32F1xx_HAL_Driver/Src/stm32f1xx_hal.c **** #define __STM32F1xx_HAL_VERSION_SUB1   (0x01U) /*!< [23:16] sub1 version */
  76:Drivers/STM32F1xx_HAL_Driver/Src/stm32f1xx_hal.c **** #define __STM32F1xx_HAL_VERSION_SUB2   (0x02U) /*!< [15:8]  sub2 version */
  77:Drivers/STM32F1xx_HAL_Driver/Src/stm32f1xx_hal.c **** #define __STM32F1xx_HAL_VERSION_RC     (0x00U) /*!< [7:0]  release candidate */
  78:Drivers/STM32F1xx_HAL_Driver/Src/stm32f1xx_hal.c **** #define __STM32F1xx_HAL_VERSION         ((__STM32F1xx_HAL_VERSION_MAIN << 24)\
  79:Drivers/STM32F1xx_HAL_Driver/Src/stm32f1xx_hal.c ****                                         |(__STM32F1xx_HAL_VERSION_SUB1 << 16)\
  80:Drivers/STM32F1xx_HAL_Driver/Src/stm32f1xx_hal.c ****                                         |(__STM32F1xx_HAL_VERSION_SUB2 << 8 )\
  81:Drivers/STM32F1xx_HAL_Driver/Src/stm32f1xx_hal.c ****                                         |(__STM32F1xx_HAL_VERSION_RC))
  82:Drivers/STM32F1xx_HAL_Driver/Src/stm32f1xx_hal.c **** 
  83:Drivers/STM32F1xx_HAL_Driver/Src/stm32f1xx_hal.c **** #define IDCODE_DEVID_MASK    0x00000FFFU
  84:Drivers/STM32F1xx_HAL_Driver/Src/stm32f1xx_hal.c **** 
  85:Drivers/STM32F1xx_HAL_Driver/Src/stm32f1xx_hal.c **** /**
  86:Drivers/STM32F1xx_HAL_Driver/Src/stm32f1xx_hal.c ****   * @}
  87:Drivers/STM32F1xx_HAL_Driver/Src/stm32f1xx_hal.c ****   */
  88:Drivers/STM32F1xx_HAL_Driver/Src/stm32f1xx_hal.c **** 
  89:Drivers/STM32F1xx_HAL_Driver/Src/stm32f1xx_hal.c **** /* Private macro -------------------------------------------------------------*/
ARM GAS  /tmp/cczFPRnd.s 			page 3


  90:Drivers/STM32F1xx_HAL_Driver/Src/stm32f1xx_hal.c **** /* Private variables ---------------------------------------------------------*/
  91:Drivers/STM32F1xx_HAL_Driver/Src/stm32f1xx_hal.c **** 
  92:Drivers/STM32F1xx_HAL_Driver/Src/stm32f1xx_hal.c **** /** @defgroup HAL_Private_Variables HAL Private Variables
  93:Drivers/STM32F1xx_HAL_Driver/Src/stm32f1xx_hal.c ****   * @{
  94:Drivers/STM32F1xx_HAL_Driver/Src/stm32f1xx_hal.c ****   */
  95:Drivers/STM32F1xx_HAL_Driver/Src/stm32f1xx_hal.c **** __IO uint32_t uwTick;
  96:Drivers/STM32F1xx_HAL_Driver/Src/stm32f1xx_hal.c **** uint32_t uwTickPrio   = (1UL << __NVIC_PRIO_BITS); /* Invalid PRIO */
  97:Drivers/STM32F1xx_HAL_Driver/Src/stm32f1xx_hal.c **** HAL_TickFreqTypeDef uwTickFreq = HAL_TICK_FREQ_DEFAULT;  /* 1KHz */
  98:Drivers/STM32F1xx_HAL_Driver/Src/stm32f1xx_hal.c **** /**
  99:Drivers/STM32F1xx_HAL_Driver/Src/stm32f1xx_hal.c ****   * @}
 100:Drivers/STM32F1xx_HAL_Driver/Src/stm32f1xx_hal.c ****   */
 101:Drivers/STM32F1xx_HAL_Driver/Src/stm32f1xx_hal.c **** /* Private function prototypes -----------------------------------------------*/
 102:Drivers/STM32F1xx_HAL_Driver/Src/stm32f1xx_hal.c **** /* Exported functions ---------------------------------------------------------*/
 103:Drivers/STM32F1xx_HAL_Driver/Src/stm32f1xx_hal.c **** 
 104:Drivers/STM32F1xx_HAL_Driver/Src/stm32f1xx_hal.c **** /** @defgroup HAL_Exported_Functions HAL Exported Functions
 105:Drivers/STM32F1xx_HAL_Driver/Src/stm32f1xx_hal.c ****   * @{
 106:Drivers/STM32F1xx_HAL_Driver/Src/stm32f1xx_hal.c ****   */
 107:Drivers/STM32F1xx_HAL_Driver/Src/stm32f1xx_hal.c **** 
 108:Drivers/STM32F1xx_HAL_Driver/Src/stm32f1xx_hal.c **** /** @defgroup HAL_Exported_Functions_Group1 Initialization and de-initialization Functions
 109:Drivers/STM32F1xx_HAL_Driver/Src/stm32f1xx_hal.c ****  *  @brief    Initialization and de-initialization functions
 110:Drivers/STM32F1xx_HAL_Driver/Src/stm32f1xx_hal.c ****  *
 111:Drivers/STM32F1xx_HAL_Driver/Src/stm32f1xx_hal.c **** @verbatim
 112:Drivers/STM32F1xx_HAL_Driver/Src/stm32f1xx_hal.c ****  ===============================================================================
 113:Drivers/STM32F1xx_HAL_Driver/Src/stm32f1xx_hal.c ****               ##### Initialization and de-initialization functions #####
 114:Drivers/STM32F1xx_HAL_Driver/Src/stm32f1xx_hal.c ****  ===============================================================================
 115:Drivers/STM32F1xx_HAL_Driver/Src/stm32f1xx_hal.c ****    [..]  This section provides functions allowing to:
 116:Drivers/STM32F1xx_HAL_Driver/Src/stm32f1xx_hal.c ****       (+) Initializes the Flash interface, the NVIC allocation and initial clock
 117:Drivers/STM32F1xx_HAL_Driver/Src/stm32f1xx_hal.c ****           configuration. It initializes the systick also when timeout is needed
 118:Drivers/STM32F1xx_HAL_Driver/Src/stm32f1xx_hal.c ****           and the backup domain when enabled.
 119:Drivers/STM32F1xx_HAL_Driver/Src/stm32f1xx_hal.c ****       (+) de-Initializes common part of the HAL.
 120:Drivers/STM32F1xx_HAL_Driver/Src/stm32f1xx_hal.c ****       (+) Configure The time base source to have 1ms time base with a dedicated
 121:Drivers/STM32F1xx_HAL_Driver/Src/stm32f1xx_hal.c ****           Tick interrupt priority.
 122:Drivers/STM32F1xx_HAL_Driver/Src/stm32f1xx_hal.c ****         (++) SysTick timer is used by default as source of time base, but user
 123:Drivers/STM32F1xx_HAL_Driver/Src/stm32f1xx_hal.c ****              can eventually implement his proper time base source (a general purpose
 124:Drivers/STM32F1xx_HAL_Driver/Src/stm32f1xx_hal.c ****              timer for example or other time source), keeping in mind that Time base
 125:Drivers/STM32F1xx_HAL_Driver/Src/stm32f1xx_hal.c ****              duration should be kept 1ms since PPP_TIMEOUT_VALUEs are defined and
 126:Drivers/STM32F1xx_HAL_Driver/Src/stm32f1xx_hal.c ****              handled in milliseconds basis.
 127:Drivers/STM32F1xx_HAL_Driver/Src/stm32f1xx_hal.c ****         (++) Time base configuration function (HAL_InitTick ()) is called automatically
 128:Drivers/STM32F1xx_HAL_Driver/Src/stm32f1xx_hal.c ****              at the beginning of the program after reset by HAL_Init() or at any time
 129:Drivers/STM32F1xx_HAL_Driver/Src/stm32f1xx_hal.c ****              when clock is configured, by HAL_RCC_ClockConfig().
 130:Drivers/STM32F1xx_HAL_Driver/Src/stm32f1xx_hal.c ****         (++) Source of time base is configured  to generate interrupts at regular
 131:Drivers/STM32F1xx_HAL_Driver/Src/stm32f1xx_hal.c ****              time intervals. Care must be taken if HAL_Delay() is called from a
 132:Drivers/STM32F1xx_HAL_Driver/Src/stm32f1xx_hal.c ****              peripheral ISR process, the Tick interrupt line must have higher priority
 133:Drivers/STM32F1xx_HAL_Driver/Src/stm32f1xx_hal.c ****             (numerically lower) than the peripheral interrupt. Otherwise the caller
 134:Drivers/STM32F1xx_HAL_Driver/Src/stm32f1xx_hal.c ****             ISR process will be blocked.
 135:Drivers/STM32F1xx_HAL_Driver/Src/stm32f1xx_hal.c ****        (++) functions affecting time base configurations are declared as __weak
 136:Drivers/STM32F1xx_HAL_Driver/Src/stm32f1xx_hal.c ****              to make  override possible  in case of other  implementations in user file.
 137:Drivers/STM32F1xx_HAL_Driver/Src/stm32f1xx_hal.c **** @endverbatim
 138:Drivers/STM32F1xx_HAL_Driver/Src/stm32f1xx_hal.c ****   * @{
 139:Drivers/STM32F1xx_HAL_Driver/Src/stm32f1xx_hal.c ****   */
 140:Drivers/STM32F1xx_HAL_Driver/Src/stm32f1xx_hal.c **** 
 141:Drivers/STM32F1xx_HAL_Driver/Src/stm32f1xx_hal.c **** /**
 142:Drivers/STM32F1xx_HAL_Driver/Src/stm32f1xx_hal.c ****   * @brief  This function is used to initialize the HAL Library; it must be the first
 143:Drivers/STM32F1xx_HAL_Driver/Src/stm32f1xx_hal.c ****   *         instruction to be executed in the main program (before to call any other
 144:Drivers/STM32F1xx_HAL_Driver/Src/stm32f1xx_hal.c ****   *         HAL function), it performs the following:
 145:Drivers/STM32F1xx_HAL_Driver/Src/stm32f1xx_hal.c ****   *           Configure the Flash prefetch.
 146:Drivers/STM32F1xx_HAL_Driver/Src/stm32f1xx_hal.c ****   *           Configures the SysTick to generate an interrupt each 1 millisecond,
ARM GAS  /tmp/cczFPRnd.s 			page 4


 147:Drivers/STM32F1xx_HAL_Driver/Src/stm32f1xx_hal.c ****   *           which is clocked by the HSI (at this stage, the clock is not yet
 148:Drivers/STM32F1xx_HAL_Driver/Src/stm32f1xx_hal.c ****   *           configured and thus the system is running from the internal HSI at 16 MHz).
 149:Drivers/STM32F1xx_HAL_Driver/Src/stm32f1xx_hal.c ****   *           Set NVIC Group Priority to 4.
 150:Drivers/STM32F1xx_HAL_Driver/Src/stm32f1xx_hal.c ****   *           Calls the HAL_MspInit() callback function defined in user file
 151:Drivers/STM32F1xx_HAL_Driver/Src/stm32f1xx_hal.c ****   *           "stm32f1xx_hal_msp.c" to do the global low level hardware initialization
 152:Drivers/STM32F1xx_HAL_Driver/Src/stm32f1xx_hal.c ****   *
 153:Drivers/STM32F1xx_HAL_Driver/Src/stm32f1xx_hal.c ****   * @note   SysTick is used as time base for the HAL_Delay() function, the application
 154:Drivers/STM32F1xx_HAL_Driver/Src/stm32f1xx_hal.c ****   *         need to ensure that the SysTick time base is always set to 1 millisecond
 155:Drivers/STM32F1xx_HAL_Driver/Src/stm32f1xx_hal.c ****   *         to have correct HAL operation.
 156:Drivers/STM32F1xx_HAL_Driver/Src/stm32f1xx_hal.c ****   * @retval HAL status
 157:Drivers/STM32F1xx_HAL_Driver/Src/stm32f1xx_hal.c ****   */
 158:Drivers/STM32F1xx_HAL_Driver/Src/stm32f1xx_hal.c **** HAL_StatusTypeDef HAL_Init(void)
 159:Drivers/STM32F1xx_HAL_Driver/Src/stm32f1xx_hal.c **** {
 160:Drivers/STM32F1xx_HAL_Driver/Src/stm32f1xx_hal.c ****   /* Configure Flash prefetch */
 161:Drivers/STM32F1xx_HAL_Driver/Src/stm32f1xx_hal.c **** #if (PREFETCH_ENABLE != 0)
 162:Drivers/STM32F1xx_HAL_Driver/Src/stm32f1xx_hal.c **** #if defined(STM32F101x6) || defined(STM32F101xB) || defined(STM32F101xE) || defined(STM32F101xG) ||
 163:Drivers/STM32F1xx_HAL_Driver/Src/stm32f1xx_hal.c ****     defined(STM32F102x6) || defined(STM32F102xB) || \
 164:Drivers/STM32F1xx_HAL_Driver/Src/stm32f1xx_hal.c ****     defined(STM32F103x6) || defined(STM32F103xB) || defined(STM32F103xE) || defined(STM32F103xG) ||
 165:Drivers/STM32F1xx_HAL_Driver/Src/stm32f1xx_hal.c ****     defined(STM32F105xC) || defined(STM32F107xC)
 166:Drivers/STM32F1xx_HAL_Driver/Src/stm32f1xx_hal.c **** 
 167:Drivers/STM32F1xx_HAL_Driver/Src/stm32f1xx_hal.c ****   /* Prefetch buffer is not available on value line devices */
 168:Drivers/STM32F1xx_HAL_Driver/Src/stm32f1xx_hal.c ****   __HAL_FLASH_PREFETCH_BUFFER_ENABLE();
 169:Drivers/STM32F1xx_HAL_Driver/Src/stm32f1xx_hal.c **** #endif
 170:Drivers/STM32F1xx_HAL_Driver/Src/stm32f1xx_hal.c **** #endif /* PREFETCH_ENABLE */
 171:Drivers/STM32F1xx_HAL_Driver/Src/stm32f1xx_hal.c **** 
 172:Drivers/STM32F1xx_HAL_Driver/Src/stm32f1xx_hal.c ****   /* Set Interrupt Group Priority */
 173:Drivers/STM32F1xx_HAL_Driver/Src/stm32f1xx_hal.c ****   HAL_NVIC_SetPriorityGrouping(NVIC_PRIORITYGROUP_4);
 174:Drivers/STM32F1xx_HAL_Driver/Src/stm32f1xx_hal.c **** 
 175:Drivers/STM32F1xx_HAL_Driver/Src/stm32f1xx_hal.c ****   /* Use systick as time base source and configure 1ms tick (default clock after Reset is HSI) */
 176:Drivers/STM32F1xx_HAL_Driver/Src/stm32f1xx_hal.c ****   HAL_InitTick(TICK_INT_PRIORITY);
 177:Drivers/STM32F1xx_HAL_Driver/Src/stm32f1xx_hal.c **** 
 178:Drivers/STM32F1xx_HAL_Driver/Src/stm32f1xx_hal.c ****   /* Init the low level hardware */
 179:Drivers/STM32F1xx_HAL_Driver/Src/stm32f1xx_hal.c ****   HAL_MspInit();
 180:Drivers/STM32F1xx_HAL_Driver/Src/stm32f1xx_hal.c **** 
 181:Drivers/STM32F1xx_HAL_Driver/Src/stm32f1xx_hal.c ****   /* Return function status */
 182:Drivers/STM32F1xx_HAL_Driver/Src/stm32f1xx_hal.c ****   return HAL_OK;
 183:Drivers/STM32F1xx_HAL_Driver/Src/stm32f1xx_hal.c **** }
 184:Drivers/STM32F1xx_HAL_Driver/Src/stm32f1xx_hal.c **** 
 185:Drivers/STM32F1xx_HAL_Driver/Src/stm32f1xx_hal.c **** /**
 186:Drivers/STM32F1xx_HAL_Driver/Src/stm32f1xx_hal.c ****   * @brief This function de-Initializes common part of the HAL and stops the systick.
 187:Drivers/STM32F1xx_HAL_Driver/Src/stm32f1xx_hal.c ****   *        of time base.
 188:Drivers/STM32F1xx_HAL_Driver/Src/stm32f1xx_hal.c ****   * @note This function is optional.
 189:Drivers/STM32F1xx_HAL_Driver/Src/stm32f1xx_hal.c ****   * @retval HAL status
 190:Drivers/STM32F1xx_HAL_Driver/Src/stm32f1xx_hal.c ****   */
 191:Drivers/STM32F1xx_HAL_Driver/Src/stm32f1xx_hal.c **** HAL_StatusTypeDef HAL_DeInit(void)
 192:Drivers/STM32F1xx_HAL_Driver/Src/stm32f1xx_hal.c **** {
 193:Drivers/STM32F1xx_HAL_Driver/Src/stm32f1xx_hal.c ****   /* Reset of all peripherals */
 194:Drivers/STM32F1xx_HAL_Driver/Src/stm32f1xx_hal.c ****   __HAL_RCC_APB1_FORCE_RESET();
 195:Drivers/STM32F1xx_HAL_Driver/Src/stm32f1xx_hal.c ****   __HAL_RCC_APB1_RELEASE_RESET();
 196:Drivers/STM32F1xx_HAL_Driver/Src/stm32f1xx_hal.c **** 
 197:Drivers/STM32F1xx_HAL_Driver/Src/stm32f1xx_hal.c ****   __HAL_RCC_APB2_FORCE_RESET();
 198:Drivers/STM32F1xx_HAL_Driver/Src/stm32f1xx_hal.c ****   __HAL_RCC_APB2_RELEASE_RESET();
 199:Drivers/STM32F1xx_HAL_Driver/Src/stm32f1xx_hal.c **** 
 200:Drivers/STM32F1xx_HAL_Driver/Src/stm32f1xx_hal.c **** #if defined(STM32F105xC) || defined(STM32F107xC)
 201:Drivers/STM32F1xx_HAL_Driver/Src/stm32f1xx_hal.c ****   __HAL_RCC_AHB_FORCE_RESET();
 202:Drivers/STM32F1xx_HAL_Driver/Src/stm32f1xx_hal.c ****   __HAL_RCC_AHB_RELEASE_RESET();
 203:Drivers/STM32F1xx_HAL_Driver/Src/stm32f1xx_hal.c **** #endif
ARM GAS  /tmp/cczFPRnd.s 			page 5


 204:Drivers/STM32F1xx_HAL_Driver/Src/stm32f1xx_hal.c **** 
 205:Drivers/STM32F1xx_HAL_Driver/Src/stm32f1xx_hal.c ****   /* De-Init the low level hardware */
 206:Drivers/STM32F1xx_HAL_Driver/Src/stm32f1xx_hal.c ****   HAL_MspDeInit();
 207:Drivers/STM32F1xx_HAL_Driver/Src/stm32f1xx_hal.c **** 
 208:Drivers/STM32F1xx_HAL_Driver/Src/stm32f1xx_hal.c ****   /* Return function status */
 209:Drivers/STM32F1xx_HAL_Driver/Src/stm32f1xx_hal.c ****   return HAL_OK;
 210:Drivers/STM32F1xx_HAL_Driver/Src/stm32f1xx_hal.c **** }
 211:Drivers/STM32F1xx_HAL_Driver/Src/stm32f1xx_hal.c **** 
 212:Drivers/STM32F1xx_HAL_Driver/Src/stm32f1xx_hal.c **** /**
 213:Drivers/STM32F1xx_HAL_Driver/Src/stm32f1xx_hal.c ****   * @brief  Initialize the MSP.
 214:Drivers/STM32F1xx_HAL_Driver/Src/stm32f1xx_hal.c ****   * @retval None
 215:Drivers/STM32F1xx_HAL_Driver/Src/stm32f1xx_hal.c ****   */
 216:Drivers/STM32F1xx_HAL_Driver/Src/stm32f1xx_hal.c **** __weak void HAL_MspInit(void)
 217:Drivers/STM32F1xx_HAL_Driver/Src/stm32f1xx_hal.c **** {
  27              		.loc 1 217 0
  28              		.cfi_startproc
  29              		@ args = 0, pretend = 0, frame = 0
  30              		@ frame_needed = 0, uses_anonymous_args = 0
  31              		@ link register save eliminated.
  32 0000 7047     		bx	lr
  33              		.cfi_endproc
  34              	.LFE65:
  36 0002 00BF     		.section	.text.HAL_MspDeInit,"ax",%progbits
  37              		.align	2
  38              		.weak	HAL_MspDeInit
  39              		.thumb
  40              		.thumb_func
  42              	HAL_MspDeInit:
  43              	.LFB66:
 218:Drivers/STM32F1xx_HAL_Driver/Src/stm32f1xx_hal.c ****   /* NOTE : This function should not be modified, when the callback is needed,
 219:Drivers/STM32F1xx_HAL_Driver/Src/stm32f1xx_hal.c ****             the HAL_MspInit could be implemented in the user file
 220:Drivers/STM32F1xx_HAL_Driver/Src/stm32f1xx_hal.c ****    */
 221:Drivers/STM32F1xx_HAL_Driver/Src/stm32f1xx_hal.c **** }
 222:Drivers/STM32F1xx_HAL_Driver/Src/stm32f1xx_hal.c **** 
 223:Drivers/STM32F1xx_HAL_Driver/Src/stm32f1xx_hal.c **** /**
 224:Drivers/STM32F1xx_HAL_Driver/Src/stm32f1xx_hal.c ****   * @brief  DeInitializes the MSP.
 225:Drivers/STM32F1xx_HAL_Driver/Src/stm32f1xx_hal.c ****   * @retval None
 226:Drivers/STM32F1xx_HAL_Driver/Src/stm32f1xx_hal.c ****   */
 227:Drivers/STM32F1xx_HAL_Driver/Src/stm32f1xx_hal.c **** __weak void HAL_MspDeInit(void)
 228:Drivers/STM32F1xx_HAL_Driver/Src/stm32f1xx_hal.c **** {
  44              		.loc 1 228 0
  45              		.cfi_startproc
  46              		@ args = 0, pretend = 0, frame = 0
  47              		@ frame_needed = 0, uses_anonymous_args = 0
  48              		@ link register save eliminated.
  49 0000 7047     		bx	lr
  50              		.cfi_endproc
  51              	.LFE66:
  53 0002 00BF     		.section	.text.HAL_DeInit,"ax",%progbits
  54              		.align	2
  55              		.global	HAL_DeInit
  56              		.thumb
  57              		.thumb_func
  59              	HAL_DeInit:
  60              	.LFB64:
 192:Drivers/STM32F1xx_HAL_Driver/Src/stm32f1xx_hal.c ****   /* Reset of all peripherals */
  61              		.loc 1 192 0
ARM GAS  /tmp/cczFPRnd.s 			page 6


  62              		.cfi_startproc
  63              		@ args = 0, pretend = 0, frame = 0
  64              		@ frame_needed = 0, uses_anonymous_args = 0
 192:Drivers/STM32F1xx_HAL_Driver/Src/stm32f1xx_hal.c ****   /* Reset of all peripherals */
  65              		.loc 1 192 0
  66 0000 10B5     		push	{r4, lr}
  67              	.LCFI0:
  68              		.cfi_def_cfa_offset 8
  69              		.cfi_offset 4, -8
  70              		.cfi_offset 14, -4
 194:Drivers/STM32F1xx_HAL_Driver/Src/stm32f1xx_hal.c ****   __HAL_RCC_APB1_RELEASE_RESET();
  71              		.loc 1 194 0
  72 0002 064B     		ldr	r3, .L5
  73 0004 4FF0FF32 		mov	r2, #-1
  74 0008 DA60     		str	r2, [r3, #12]
 195:Drivers/STM32F1xx_HAL_Driver/Src/stm32f1xx_hal.c **** 
  75              		.loc 1 195 0
  76 000a 0024     		movs	r4, #0
  77 000c 1C61     		str	r4, [r3, #16]
 197:Drivers/STM32F1xx_HAL_Driver/Src/stm32f1xx_hal.c ****   __HAL_RCC_APB2_RELEASE_RESET();
  78              		.loc 1 197 0
  79 000e DA60     		str	r2, [r3, #12]
 198:Drivers/STM32F1xx_HAL_Driver/Src/stm32f1xx_hal.c **** 
  80              		.loc 1 198 0
  81 0010 DC60     		str	r4, [r3, #12]
 206:Drivers/STM32F1xx_HAL_Driver/Src/stm32f1xx_hal.c **** 
  82              		.loc 1 206 0
  83 0012 FFF7FEFF 		bl	HAL_MspDeInit
  84              	.LVL0:
 210:Drivers/STM32F1xx_HAL_Driver/Src/stm32f1xx_hal.c **** 
  85              		.loc 1 210 0
  86 0016 2046     		mov	r0, r4
  87 0018 10BD     		pop	{r4, pc}
  88              	.L6:
  89 001a 00BF     		.align	2
  90              	.L5:
  91 001c 00100240 		.word	1073876992
  92              		.cfi_endproc
  93              	.LFE64:
  95              		.section	.text.HAL_InitTick,"ax",%progbits
  96              		.align	2
  97              		.weak	HAL_InitTick
  98              		.thumb
  99              		.thumb_func
 101              	HAL_InitTick:
 102              	.LFB67:
 229:Drivers/STM32F1xx_HAL_Driver/Src/stm32f1xx_hal.c ****   /* NOTE : This function should not be modified, when the callback is needed,
 230:Drivers/STM32F1xx_HAL_Driver/Src/stm32f1xx_hal.c ****             the HAL_MspDeInit could be implemented in the user file
 231:Drivers/STM32F1xx_HAL_Driver/Src/stm32f1xx_hal.c ****    */
 232:Drivers/STM32F1xx_HAL_Driver/Src/stm32f1xx_hal.c **** }
 233:Drivers/STM32F1xx_HAL_Driver/Src/stm32f1xx_hal.c **** 
 234:Drivers/STM32F1xx_HAL_Driver/Src/stm32f1xx_hal.c **** /**
 235:Drivers/STM32F1xx_HAL_Driver/Src/stm32f1xx_hal.c ****   * @brief This function configures the source of the time base.
 236:Drivers/STM32F1xx_HAL_Driver/Src/stm32f1xx_hal.c ****   *        The time source is configured  to have 1ms time base with a dedicated
 237:Drivers/STM32F1xx_HAL_Driver/Src/stm32f1xx_hal.c ****   *        Tick interrupt priority.
 238:Drivers/STM32F1xx_HAL_Driver/Src/stm32f1xx_hal.c ****   * @note This function is called  automatically at the beginning of program after
 239:Drivers/STM32F1xx_HAL_Driver/Src/stm32f1xx_hal.c ****   *       reset by HAL_Init() or at any time when clock is reconfigured  by HAL_RCC_ClockConfig().
ARM GAS  /tmp/cczFPRnd.s 			page 7


 240:Drivers/STM32F1xx_HAL_Driver/Src/stm32f1xx_hal.c ****   * @note In the default implementation, SysTick timer is the source of time base.
 241:Drivers/STM32F1xx_HAL_Driver/Src/stm32f1xx_hal.c ****   *       It is used to generate interrupts at regular time intervals.
 242:Drivers/STM32F1xx_HAL_Driver/Src/stm32f1xx_hal.c ****   *       Care must be taken if HAL_Delay() is called from a peripheral ISR process,
 243:Drivers/STM32F1xx_HAL_Driver/Src/stm32f1xx_hal.c ****   *       The SysTick interrupt must have higher priority (numerically lower)
 244:Drivers/STM32F1xx_HAL_Driver/Src/stm32f1xx_hal.c ****   *       than the peripheral interrupt. Otherwise the caller ISR process will be blocked.
 245:Drivers/STM32F1xx_HAL_Driver/Src/stm32f1xx_hal.c ****   *       The function is declared as __weak  to be overwritten  in case of other
 246:Drivers/STM32F1xx_HAL_Driver/Src/stm32f1xx_hal.c ****   *       implementation  in user file.
 247:Drivers/STM32F1xx_HAL_Driver/Src/stm32f1xx_hal.c ****   * @param TickPriority Tick interrupt priority.
 248:Drivers/STM32F1xx_HAL_Driver/Src/stm32f1xx_hal.c ****   * @retval HAL status
 249:Drivers/STM32F1xx_HAL_Driver/Src/stm32f1xx_hal.c ****   */
 250:Drivers/STM32F1xx_HAL_Driver/Src/stm32f1xx_hal.c **** __weak HAL_StatusTypeDef HAL_InitTick(uint32_t TickPriority)
 251:Drivers/STM32F1xx_HAL_Driver/Src/stm32f1xx_hal.c **** {
 103              		.loc 1 251 0
 104              		.cfi_startproc
 105              		@ args = 0, pretend = 0, frame = 0
 106              		@ frame_needed = 0, uses_anonymous_args = 0
 107              	.LVL1:
 108 0000 10B5     		push	{r4, lr}
 109              	.LCFI1:
 110              		.cfi_def_cfa_offset 8
 111              		.cfi_offset 4, -8
 112              		.cfi_offset 14, -4
 113 0002 0446     		mov	r4, r0
 252:Drivers/STM32F1xx_HAL_Driver/Src/stm32f1xx_hal.c ****   /* Configure the SysTick to have interrupt in 1ms time basis*/
 253:Drivers/STM32F1xx_HAL_Driver/Src/stm32f1xx_hal.c ****   if (HAL_SYSTICK_Config(SystemCoreClock / (1000U / uwTickFreq)) > 0U)
 114              		.loc 1 253 0
 115 0004 0E4B     		ldr	r3, .L12
 116 0006 1878     		ldrb	r0, [r3]	@ zero_extendqisi2
 117              	.LVL2:
 118 0008 4FF47A73 		mov	r3, #1000
 119 000c B3FBF0F3 		udiv	r3, r3, r0
 120 0010 0C4A     		ldr	r2, .L12+4
 121 0012 1068     		ldr	r0, [r2]
 122 0014 B0FBF3F0 		udiv	r0, r0, r3
 123 0018 FFF7FEFF 		bl	HAL_SYSTICK_Config
 124              	.LVL3:
 125 001c 58B9     		cbnz	r0, .L9
 254:Drivers/STM32F1xx_HAL_Driver/Src/stm32f1xx_hal.c ****   {
 255:Drivers/STM32F1xx_HAL_Driver/Src/stm32f1xx_hal.c ****     return HAL_ERROR;
 256:Drivers/STM32F1xx_HAL_Driver/Src/stm32f1xx_hal.c ****   }
 257:Drivers/STM32F1xx_HAL_Driver/Src/stm32f1xx_hal.c **** 
 258:Drivers/STM32F1xx_HAL_Driver/Src/stm32f1xx_hal.c ****   /* Configure the SysTick IRQ priority */
 259:Drivers/STM32F1xx_HAL_Driver/Src/stm32f1xx_hal.c ****   if (TickPriority < (1UL << __NVIC_PRIO_BITS))
 126              		.loc 1 259 0
 127 001e 0F2C     		cmp	r4, #15
 128 0020 0BD8     		bhi	.L10
 260:Drivers/STM32F1xx_HAL_Driver/Src/stm32f1xx_hal.c ****   {
 261:Drivers/STM32F1xx_HAL_Driver/Src/stm32f1xx_hal.c ****     HAL_NVIC_SetPriority(SysTick_IRQn, TickPriority, 0U);
 129              		.loc 1 261 0
 130 0022 4FF0FF30 		mov	r0, #-1
 131 0026 2146     		mov	r1, r4
 132 0028 0022     		movs	r2, #0
 133 002a FFF7FEFF 		bl	HAL_NVIC_SetPriority
 134              	.LVL4:
 262:Drivers/STM32F1xx_HAL_Driver/Src/stm32f1xx_hal.c ****     uwTickPrio = TickPriority;
 135              		.loc 1 262 0
 136 002e 064B     		ldr	r3, .L12+8
ARM GAS  /tmp/cczFPRnd.s 			page 8


 137 0030 1C60     		str	r4, [r3]
 263:Drivers/STM32F1xx_HAL_Driver/Src/stm32f1xx_hal.c ****   }
 264:Drivers/STM32F1xx_HAL_Driver/Src/stm32f1xx_hal.c ****   else
 265:Drivers/STM32F1xx_HAL_Driver/Src/stm32f1xx_hal.c ****   {
 266:Drivers/STM32F1xx_HAL_Driver/Src/stm32f1xx_hal.c ****     return HAL_ERROR;
 267:Drivers/STM32F1xx_HAL_Driver/Src/stm32f1xx_hal.c ****   }
 268:Drivers/STM32F1xx_HAL_Driver/Src/stm32f1xx_hal.c **** 
 269:Drivers/STM32F1xx_HAL_Driver/Src/stm32f1xx_hal.c ****   /* Return function status */
 270:Drivers/STM32F1xx_HAL_Driver/Src/stm32f1xx_hal.c ****   return HAL_OK;
 138              		.loc 1 270 0
 139 0032 0020     		movs	r0, #0
 140 0034 10BD     		pop	{r4, pc}
 141              	.LVL5:
 142              	.L9:
 255:Drivers/STM32F1xx_HAL_Driver/Src/stm32f1xx_hal.c ****   }
 143              		.loc 1 255 0
 144 0036 0120     		movs	r0, #1
 145 0038 10BD     		pop	{r4, pc}
 146              	.LVL6:
 147              	.L10:
 266:Drivers/STM32F1xx_HAL_Driver/Src/stm32f1xx_hal.c ****   }
 148              		.loc 1 266 0
 149 003a 0120     		movs	r0, #1
 271:Drivers/STM32F1xx_HAL_Driver/Src/stm32f1xx_hal.c **** }
 150              		.loc 1 271 0
 151 003c 10BD     		pop	{r4, pc}
 152              	.LVL7:
 153              	.L13:
 154 003e 00BF     		.align	2
 155              	.L12:
 156 0040 00000000 		.word	.LANCHOR0
 157 0044 00000000 		.word	SystemCoreClock
 158 0048 00000000 		.word	.LANCHOR1
 159              		.cfi_endproc
 160              	.LFE67:
 162              		.section	.text.HAL_Init,"ax",%progbits
 163              		.align	2
 164              		.global	HAL_Init
 165              		.thumb
 166              		.thumb_func
 168              	HAL_Init:
 169              	.LFB63:
 159:Drivers/STM32F1xx_HAL_Driver/Src/stm32f1xx_hal.c ****   /* Configure Flash prefetch */
 170              		.loc 1 159 0
 171              		.cfi_startproc
 172              		@ args = 0, pretend = 0, frame = 0
 173              		@ frame_needed = 0, uses_anonymous_args = 0
 174 0000 08B5     		push	{r3, lr}
 175              	.LCFI2:
 176              		.cfi_def_cfa_offset 8
 177              		.cfi_offset 3, -8
 178              		.cfi_offset 14, -4
 168:Drivers/STM32F1xx_HAL_Driver/Src/stm32f1xx_hal.c **** #endif
 179              		.loc 1 168 0
 180 0002 074A     		ldr	r2, .L16
 181 0004 1368     		ldr	r3, [r2]
 182 0006 43F01003 		orr	r3, r3, #16
ARM GAS  /tmp/cczFPRnd.s 			page 9


 183 000a 1360     		str	r3, [r2]
 173:Drivers/STM32F1xx_HAL_Driver/Src/stm32f1xx_hal.c **** 
 184              		.loc 1 173 0
 185 000c 0320     		movs	r0, #3
 186 000e FFF7FEFF 		bl	HAL_NVIC_SetPriorityGrouping
 187              	.LVL8:
 176:Drivers/STM32F1xx_HAL_Driver/Src/stm32f1xx_hal.c **** 
 188              		.loc 1 176 0
 189 0012 0020     		movs	r0, #0
 190 0014 FFF7FEFF 		bl	HAL_InitTick
 191              	.LVL9:
 179:Drivers/STM32F1xx_HAL_Driver/Src/stm32f1xx_hal.c **** 
 192              		.loc 1 179 0
 193 0018 FFF7FEFF 		bl	HAL_MspInit
 194              	.LVL10:
 183:Drivers/STM32F1xx_HAL_Driver/Src/stm32f1xx_hal.c **** 
 195              		.loc 1 183 0
 196 001c 0020     		movs	r0, #0
 197 001e 08BD     		pop	{r3, pc}
 198              	.L17:
 199              		.align	2
 200              	.L16:
 201 0020 00200240 		.word	1073881088
 202              		.cfi_endproc
 203              	.LFE63:
 205              		.section	.text.HAL_IncTick,"ax",%progbits
 206              		.align	2
 207              		.weak	HAL_IncTick
 208              		.thumb
 209              		.thumb_func
 211              	HAL_IncTick:
 212              	.LFB68:
 272:Drivers/STM32F1xx_HAL_Driver/Src/stm32f1xx_hal.c **** 
 273:Drivers/STM32F1xx_HAL_Driver/Src/stm32f1xx_hal.c **** /**
 274:Drivers/STM32F1xx_HAL_Driver/Src/stm32f1xx_hal.c ****   * @}
 275:Drivers/STM32F1xx_HAL_Driver/Src/stm32f1xx_hal.c ****   */
 276:Drivers/STM32F1xx_HAL_Driver/Src/stm32f1xx_hal.c **** 
 277:Drivers/STM32F1xx_HAL_Driver/Src/stm32f1xx_hal.c **** /** @defgroup HAL_Exported_Functions_Group2 HAL Control functions
 278:Drivers/STM32F1xx_HAL_Driver/Src/stm32f1xx_hal.c ****   *  @brief    HAL Control functions
 279:Drivers/STM32F1xx_HAL_Driver/Src/stm32f1xx_hal.c ****   *
 280:Drivers/STM32F1xx_HAL_Driver/Src/stm32f1xx_hal.c **** @verbatim
 281:Drivers/STM32F1xx_HAL_Driver/Src/stm32f1xx_hal.c ****  ===============================================================================
 282:Drivers/STM32F1xx_HAL_Driver/Src/stm32f1xx_hal.c ****                       ##### HAL Control functions #####
 283:Drivers/STM32F1xx_HAL_Driver/Src/stm32f1xx_hal.c ****  ===============================================================================
 284:Drivers/STM32F1xx_HAL_Driver/Src/stm32f1xx_hal.c ****     [..]  This section provides functions allowing to:
 285:Drivers/STM32F1xx_HAL_Driver/Src/stm32f1xx_hal.c ****       (+) Provide a tick value in millisecond
 286:Drivers/STM32F1xx_HAL_Driver/Src/stm32f1xx_hal.c ****       (+) Provide a blocking delay in millisecond
 287:Drivers/STM32F1xx_HAL_Driver/Src/stm32f1xx_hal.c ****       (+) Suspend the time base source interrupt
 288:Drivers/STM32F1xx_HAL_Driver/Src/stm32f1xx_hal.c ****       (+) Resume the time base source interrupt
 289:Drivers/STM32F1xx_HAL_Driver/Src/stm32f1xx_hal.c ****       (+) Get the HAL API driver version
 290:Drivers/STM32F1xx_HAL_Driver/Src/stm32f1xx_hal.c ****       (+) Get the device identifier
 291:Drivers/STM32F1xx_HAL_Driver/Src/stm32f1xx_hal.c ****       (+) Get the device revision identifier
 292:Drivers/STM32F1xx_HAL_Driver/Src/stm32f1xx_hal.c ****       (+) Enable/Disable Debug module during SLEEP mode
 293:Drivers/STM32F1xx_HAL_Driver/Src/stm32f1xx_hal.c ****       (+) Enable/Disable Debug module during STOP mode
 294:Drivers/STM32F1xx_HAL_Driver/Src/stm32f1xx_hal.c ****       (+) Enable/Disable Debug module during STANDBY mode
 295:Drivers/STM32F1xx_HAL_Driver/Src/stm32f1xx_hal.c **** 
 296:Drivers/STM32F1xx_HAL_Driver/Src/stm32f1xx_hal.c **** @endverbatim
ARM GAS  /tmp/cczFPRnd.s 			page 10


 297:Drivers/STM32F1xx_HAL_Driver/Src/stm32f1xx_hal.c ****   * @{
 298:Drivers/STM32F1xx_HAL_Driver/Src/stm32f1xx_hal.c ****   */
 299:Drivers/STM32F1xx_HAL_Driver/Src/stm32f1xx_hal.c **** 
 300:Drivers/STM32F1xx_HAL_Driver/Src/stm32f1xx_hal.c **** /**
 301:Drivers/STM32F1xx_HAL_Driver/Src/stm32f1xx_hal.c ****   * @brief This function is called to increment  a global variable "uwTick"
 302:Drivers/STM32F1xx_HAL_Driver/Src/stm32f1xx_hal.c ****   *        used as application time base.
 303:Drivers/STM32F1xx_HAL_Driver/Src/stm32f1xx_hal.c ****   * @note In the default implementation, this variable is incremented each 1ms
 304:Drivers/STM32F1xx_HAL_Driver/Src/stm32f1xx_hal.c ****   *       in SysTick ISR.
 305:Drivers/STM32F1xx_HAL_Driver/Src/stm32f1xx_hal.c ****   * @note This function is declared as __weak to be overwritten in case of other
 306:Drivers/STM32F1xx_HAL_Driver/Src/stm32f1xx_hal.c ****   *      implementations in user file.
 307:Drivers/STM32F1xx_HAL_Driver/Src/stm32f1xx_hal.c ****   * @retval None
 308:Drivers/STM32F1xx_HAL_Driver/Src/stm32f1xx_hal.c ****   */
 309:Drivers/STM32F1xx_HAL_Driver/Src/stm32f1xx_hal.c **** __weak void HAL_IncTick(void)
 310:Drivers/STM32F1xx_HAL_Driver/Src/stm32f1xx_hal.c **** {
 213              		.loc 1 310 0
 214              		.cfi_startproc
 215              		@ args = 0, pretend = 0, frame = 0
 216              		@ frame_needed = 0, uses_anonymous_args = 0
 217              		@ link register save eliminated.
 311:Drivers/STM32F1xx_HAL_Driver/Src/stm32f1xx_hal.c ****   uwTick += uwTickFreq;
 218              		.loc 1 311 0
 219 0000 034A     		ldr	r2, .L19
 220 0002 1368     		ldr	r3, [r2]
 221 0004 0349     		ldr	r1, .L19+4
 222 0006 0978     		ldrb	r1, [r1]	@ zero_extendqisi2
 223 0008 0B44     		add	r3, r3, r1
 224 000a 1360     		str	r3, [r2]
 225 000c 7047     		bx	lr
 226              	.L20:
 227 000e 00BF     		.align	2
 228              	.L19:
 229 0010 00000000 		.word	uwTick
 230 0014 00000000 		.word	.LANCHOR0
 231              		.cfi_endproc
 232              	.LFE68:
 234              		.section	.text.HAL_GetTick,"ax",%progbits
 235              		.align	2
 236              		.weak	HAL_GetTick
 237              		.thumb
 238              		.thumb_func
 240              	HAL_GetTick:
 241              	.LFB69:
 312:Drivers/STM32F1xx_HAL_Driver/Src/stm32f1xx_hal.c **** }
 313:Drivers/STM32F1xx_HAL_Driver/Src/stm32f1xx_hal.c **** 
 314:Drivers/STM32F1xx_HAL_Driver/Src/stm32f1xx_hal.c **** /**
 315:Drivers/STM32F1xx_HAL_Driver/Src/stm32f1xx_hal.c ****   * @brief Provides a tick value in millisecond.
 316:Drivers/STM32F1xx_HAL_Driver/Src/stm32f1xx_hal.c ****   * @note  This function is declared as __weak to be overwritten in case of other
 317:Drivers/STM32F1xx_HAL_Driver/Src/stm32f1xx_hal.c ****   *       implementations in user file.
 318:Drivers/STM32F1xx_HAL_Driver/Src/stm32f1xx_hal.c ****   * @retval tick value
 319:Drivers/STM32F1xx_HAL_Driver/Src/stm32f1xx_hal.c ****   */
 320:Drivers/STM32F1xx_HAL_Driver/Src/stm32f1xx_hal.c **** __weak uint32_t HAL_GetTick(void)
 321:Drivers/STM32F1xx_HAL_Driver/Src/stm32f1xx_hal.c **** {
 242              		.loc 1 321 0
 243              		.cfi_startproc
 244              		@ args = 0, pretend = 0, frame = 0
 245              		@ frame_needed = 0, uses_anonymous_args = 0
 246              		@ link register save eliminated.
ARM GAS  /tmp/cczFPRnd.s 			page 11


 322:Drivers/STM32F1xx_HAL_Driver/Src/stm32f1xx_hal.c ****   return uwTick;
 247              		.loc 1 322 0
 248 0000 014B     		ldr	r3, .L22
 249 0002 1868     		ldr	r0, [r3]
 323:Drivers/STM32F1xx_HAL_Driver/Src/stm32f1xx_hal.c **** }
 250              		.loc 1 323 0
 251 0004 7047     		bx	lr
 252              	.L23:
 253 0006 00BF     		.align	2
 254              	.L22:
 255 0008 00000000 		.word	uwTick
 256              		.cfi_endproc
 257              	.LFE69:
 259              		.section	.text.HAL_GetTickPrio,"ax",%progbits
 260              		.align	2
 261              		.global	HAL_GetTickPrio
 262              		.thumb
 263              		.thumb_func
 265              	HAL_GetTickPrio:
 266              	.LFB70:
 324:Drivers/STM32F1xx_HAL_Driver/Src/stm32f1xx_hal.c **** 
 325:Drivers/STM32F1xx_HAL_Driver/Src/stm32f1xx_hal.c **** /**
 326:Drivers/STM32F1xx_HAL_Driver/Src/stm32f1xx_hal.c ****   * @brief This function returns a tick priority.
 327:Drivers/STM32F1xx_HAL_Driver/Src/stm32f1xx_hal.c ****   * @retval tick priority
 328:Drivers/STM32F1xx_HAL_Driver/Src/stm32f1xx_hal.c ****   */
 329:Drivers/STM32F1xx_HAL_Driver/Src/stm32f1xx_hal.c **** uint32_t HAL_GetTickPrio(void)
 330:Drivers/STM32F1xx_HAL_Driver/Src/stm32f1xx_hal.c **** {
 267              		.loc 1 330 0
 268              		.cfi_startproc
 269              		@ args = 0, pretend = 0, frame = 0
 270              		@ frame_needed = 0, uses_anonymous_args = 0
 271              		@ link register save eliminated.
 331:Drivers/STM32F1xx_HAL_Driver/Src/stm32f1xx_hal.c ****   return uwTickPrio;
 332:Drivers/STM32F1xx_HAL_Driver/Src/stm32f1xx_hal.c **** }
 272              		.loc 1 332 0
 273 0000 014B     		ldr	r3, .L25
 274 0002 1868     		ldr	r0, [r3]
 275 0004 7047     		bx	lr
 276              	.L26:
 277 0006 00BF     		.align	2
 278              	.L25:
 279 0008 00000000 		.word	.LANCHOR1
 280              		.cfi_endproc
 281              	.LFE70:
 283              		.section	.text.HAL_SetTickFreq,"ax",%progbits
 284              		.align	2
 285              		.global	HAL_SetTickFreq
 286              		.thumb
 287              		.thumb_func
 289              	HAL_SetTickFreq:
 290              	.LFB71:
 333:Drivers/STM32F1xx_HAL_Driver/Src/stm32f1xx_hal.c **** 
 334:Drivers/STM32F1xx_HAL_Driver/Src/stm32f1xx_hal.c **** /**
 335:Drivers/STM32F1xx_HAL_Driver/Src/stm32f1xx_hal.c ****   * @brief Set new tick Freq.
 336:Drivers/STM32F1xx_HAL_Driver/Src/stm32f1xx_hal.c ****   * @retval Status
 337:Drivers/STM32F1xx_HAL_Driver/Src/stm32f1xx_hal.c ****   */
 338:Drivers/STM32F1xx_HAL_Driver/Src/stm32f1xx_hal.c **** HAL_StatusTypeDef HAL_SetTickFreq(HAL_TickFreqTypeDef Freq)
ARM GAS  /tmp/cczFPRnd.s 			page 12


 339:Drivers/STM32F1xx_HAL_Driver/Src/stm32f1xx_hal.c **** {
 291              		.loc 1 339 0
 292              		.cfi_startproc
 293              		@ args = 0, pretend = 0, frame = 0
 294              		@ frame_needed = 0, uses_anonymous_args = 0
 295              	.LVL11:
 296 0000 08B5     		push	{r3, lr}
 297              	.LCFI3:
 298              		.cfi_def_cfa_offset 8
 299              		.cfi_offset 3, -8
 300              		.cfi_offset 14, -4
 301              	.LVL12:
 340:Drivers/STM32F1xx_HAL_Driver/Src/stm32f1xx_hal.c ****   HAL_StatusTypeDef status  = HAL_OK;
 341:Drivers/STM32F1xx_HAL_Driver/Src/stm32f1xx_hal.c ****   assert_param(IS_TICKFREQ(Freq));
 342:Drivers/STM32F1xx_HAL_Driver/Src/stm32f1xx_hal.c **** 
 343:Drivers/STM32F1xx_HAL_Driver/Src/stm32f1xx_hal.c ****   if (uwTickFreq != Freq)
 302              		.loc 1 343 0
 303 0002 064B     		ldr	r3, .L31
 304 0004 1B78     		ldrb	r3, [r3]	@ zero_extendqisi2
 305 0006 8342     		cmp	r3, r0
 306 0008 06D0     		beq	.L29
 344:Drivers/STM32F1xx_HAL_Driver/Src/stm32f1xx_hal.c ****   {
 345:Drivers/STM32F1xx_HAL_Driver/Src/stm32f1xx_hal.c ****     uwTickFreq = Freq;
 307              		.loc 1 345 0
 308 000a 044B     		ldr	r3, .L31
 309 000c 1870     		strb	r0, [r3]
 346:Drivers/STM32F1xx_HAL_Driver/Src/stm32f1xx_hal.c **** 
 347:Drivers/STM32F1xx_HAL_Driver/Src/stm32f1xx_hal.c ****     /* Apply the new tick Freq  */
 348:Drivers/STM32F1xx_HAL_Driver/Src/stm32f1xx_hal.c ****     status = HAL_InitTick(uwTickPrio);
 310              		.loc 1 348 0
 311 000e 044B     		ldr	r3, .L31+4
 312 0010 1868     		ldr	r0, [r3]
 313              	.LVL13:
 314 0012 FFF7FEFF 		bl	HAL_InitTick
 315              	.LVL14:
 316 0016 08BD     		pop	{r3, pc}
 317              	.LVL15:
 318              	.L29:
 340:Drivers/STM32F1xx_HAL_Driver/Src/stm32f1xx_hal.c ****   assert_param(IS_TICKFREQ(Freq));
 319              		.loc 1 340 0
 320 0018 0020     		movs	r0, #0
 321              	.LVL16:
 349:Drivers/STM32F1xx_HAL_Driver/Src/stm32f1xx_hal.c ****   }
 350:Drivers/STM32F1xx_HAL_Driver/Src/stm32f1xx_hal.c **** 
 351:Drivers/STM32F1xx_HAL_Driver/Src/stm32f1xx_hal.c ****   return status;
 352:Drivers/STM32F1xx_HAL_Driver/Src/stm32f1xx_hal.c **** }
 322              		.loc 1 352 0
 323 001a 08BD     		pop	{r3, pc}
 324              	.L32:
 325              		.align	2
 326              	.L31:
 327 001c 00000000 		.word	.LANCHOR0
 328 0020 00000000 		.word	.LANCHOR1
 329              		.cfi_endproc
 330              	.LFE71:
 332              		.section	.text.HAL_GetTickFreq,"ax",%progbits
 333              		.align	2
ARM GAS  /tmp/cczFPRnd.s 			page 13


 334              		.global	HAL_GetTickFreq
 335              		.thumb
 336              		.thumb_func
 338              	HAL_GetTickFreq:
 339              	.LFB72:
 353:Drivers/STM32F1xx_HAL_Driver/Src/stm32f1xx_hal.c **** 
 354:Drivers/STM32F1xx_HAL_Driver/Src/stm32f1xx_hal.c **** /**
 355:Drivers/STM32F1xx_HAL_Driver/Src/stm32f1xx_hal.c ****   * @brief Return tick frequency.
 356:Drivers/STM32F1xx_HAL_Driver/Src/stm32f1xx_hal.c ****   * @retval tick period in Hz
 357:Drivers/STM32F1xx_HAL_Driver/Src/stm32f1xx_hal.c ****   */
 358:Drivers/STM32F1xx_HAL_Driver/Src/stm32f1xx_hal.c **** HAL_TickFreqTypeDef HAL_GetTickFreq(void)
 359:Drivers/STM32F1xx_HAL_Driver/Src/stm32f1xx_hal.c **** {
 340              		.loc 1 359 0
 341              		.cfi_startproc
 342              		@ args = 0, pretend = 0, frame = 0
 343              		@ frame_needed = 0, uses_anonymous_args = 0
 344              		@ link register save eliminated.
 360:Drivers/STM32F1xx_HAL_Driver/Src/stm32f1xx_hal.c ****   return uwTickFreq;
 361:Drivers/STM32F1xx_HAL_Driver/Src/stm32f1xx_hal.c **** }
 345              		.loc 1 361 0
 346 0000 014B     		ldr	r3, .L34
 347 0002 1878     		ldrb	r0, [r3]	@ zero_extendqisi2
 348 0004 7047     		bx	lr
 349              	.L35:
 350 0006 00BF     		.align	2
 351              	.L34:
 352 0008 00000000 		.word	.LANCHOR0
 353              		.cfi_endproc
 354              	.LFE72:
 356              		.section	.text.HAL_Delay,"ax",%progbits
 357              		.align	2
 358              		.weak	HAL_Delay
 359              		.thumb
 360              		.thumb_func
 362              	HAL_Delay:
 363              	.LFB73:
 362:Drivers/STM32F1xx_HAL_Driver/Src/stm32f1xx_hal.c **** 
 363:Drivers/STM32F1xx_HAL_Driver/Src/stm32f1xx_hal.c **** /**
 364:Drivers/STM32F1xx_HAL_Driver/Src/stm32f1xx_hal.c ****   * @brief This function provides minimum delay (in milliseconds) based
 365:Drivers/STM32F1xx_HAL_Driver/Src/stm32f1xx_hal.c ****   *        on variable incremented.
 366:Drivers/STM32F1xx_HAL_Driver/Src/stm32f1xx_hal.c ****   * @note In the default implementation , SysTick timer is the source of time base.
 367:Drivers/STM32F1xx_HAL_Driver/Src/stm32f1xx_hal.c ****   *       It is used to generate interrupts at regular time intervals where uwTick
 368:Drivers/STM32F1xx_HAL_Driver/Src/stm32f1xx_hal.c ****   *       is incremented.
 369:Drivers/STM32F1xx_HAL_Driver/Src/stm32f1xx_hal.c ****   * @note This function is declared as __weak to be overwritten in case of other
 370:Drivers/STM32F1xx_HAL_Driver/Src/stm32f1xx_hal.c ****   *       implementations in user file.
 371:Drivers/STM32F1xx_HAL_Driver/Src/stm32f1xx_hal.c ****   * @param Delay specifies the delay time length, in milliseconds.
 372:Drivers/STM32F1xx_HAL_Driver/Src/stm32f1xx_hal.c ****   * @retval None
 373:Drivers/STM32F1xx_HAL_Driver/Src/stm32f1xx_hal.c ****   */
 374:Drivers/STM32F1xx_HAL_Driver/Src/stm32f1xx_hal.c **** __weak void HAL_Delay(uint32_t Delay)
 375:Drivers/STM32F1xx_HAL_Driver/Src/stm32f1xx_hal.c **** {
 364              		.loc 1 375 0
 365              		.cfi_startproc
 366              		@ args = 0, pretend = 0, frame = 0
 367              		@ frame_needed = 0, uses_anonymous_args = 0
 368              	.LVL17:
 369 0000 38B5     		push	{r3, r4, r5, lr}
 370              	.LCFI4:
ARM GAS  /tmp/cczFPRnd.s 			page 14


 371              		.cfi_def_cfa_offset 16
 372              		.cfi_offset 3, -16
 373              		.cfi_offset 4, -12
 374              		.cfi_offset 5, -8
 375              		.cfi_offset 14, -4
 376 0002 0446     		mov	r4, r0
 376:Drivers/STM32F1xx_HAL_Driver/Src/stm32f1xx_hal.c ****   uint32_t tickstart = HAL_GetTick();
 377              		.loc 1 376 0
 378 0004 FFF7FEFF 		bl	HAL_GetTick
 379              	.LVL18:
 380 0008 0546     		mov	r5, r0
 381              	.LVL19:
 377:Drivers/STM32F1xx_HAL_Driver/Src/stm32f1xx_hal.c ****   uint32_t wait = Delay;
 378:Drivers/STM32F1xx_HAL_Driver/Src/stm32f1xx_hal.c **** 
 379:Drivers/STM32F1xx_HAL_Driver/Src/stm32f1xx_hal.c ****   /* Add a freq to guarantee minimum wait */
 380:Drivers/STM32F1xx_HAL_Driver/Src/stm32f1xx_hal.c ****   if (wait < HAL_MAX_DELAY)
 382              		.loc 1 380 0
 383 000a B4F1FF3F 		cmp	r4, #-1
 384 000e 02D0     		beq	.L38
 381:Drivers/STM32F1xx_HAL_Driver/Src/stm32f1xx_hal.c ****   {
 382:Drivers/STM32F1xx_HAL_Driver/Src/stm32f1xx_hal.c ****     wait += (uint32_t)(uwTickFreq);
 385              		.loc 1 382 0
 386 0010 044B     		ldr	r3, .L40
 387 0012 1B78     		ldrb	r3, [r3]	@ zero_extendqisi2
 388 0014 1C44     		add	r4, r4, r3
 389              	.LVL20:
 390              	.L38:
 383:Drivers/STM32F1xx_HAL_Driver/Src/stm32f1xx_hal.c ****   }
 384:Drivers/STM32F1xx_HAL_Driver/Src/stm32f1xx_hal.c **** 
 385:Drivers/STM32F1xx_HAL_Driver/Src/stm32f1xx_hal.c ****   while ((HAL_GetTick() - tickstart) < wait)
 391              		.loc 1 385 0 discriminator 1
 392 0016 FFF7FEFF 		bl	HAL_GetTick
 393              	.LVL21:
 394 001a 401B     		subs	r0, r0, r5
 395 001c 8442     		cmp	r4, r0
 396 001e FAD8     		bhi	.L38
 386:Drivers/STM32F1xx_HAL_Driver/Src/stm32f1xx_hal.c ****   {
 387:Drivers/STM32F1xx_HAL_Driver/Src/stm32f1xx_hal.c ****   }
 388:Drivers/STM32F1xx_HAL_Driver/Src/stm32f1xx_hal.c **** }
 397              		.loc 1 388 0
 398 0020 38BD     		pop	{r3, r4, r5, pc}
 399              	.LVL22:
 400              	.L41:
 401 0022 00BF     		.align	2
 402              	.L40:
 403 0024 00000000 		.word	.LANCHOR0
 404              		.cfi_endproc
 405              	.LFE73:
 407              		.section	.text.HAL_SuspendTick,"ax",%progbits
 408              		.align	2
 409              		.weak	HAL_SuspendTick
 410              		.thumb
 411              		.thumb_func
 413              	HAL_SuspendTick:
 414              	.LFB74:
 389:Drivers/STM32F1xx_HAL_Driver/Src/stm32f1xx_hal.c **** 
 390:Drivers/STM32F1xx_HAL_Driver/Src/stm32f1xx_hal.c **** /**
ARM GAS  /tmp/cczFPRnd.s 			page 15


 391:Drivers/STM32F1xx_HAL_Driver/Src/stm32f1xx_hal.c ****   * @brief Suspend Tick increment.
 392:Drivers/STM32F1xx_HAL_Driver/Src/stm32f1xx_hal.c ****   * @note In the default implementation , SysTick timer is the source of time base. It is
 393:Drivers/STM32F1xx_HAL_Driver/Src/stm32f1xx_hal.c ****   *       used to generate interrupts at regular time intervals. Once HAL_SuspendTick()
 394:Drivers/STM32F1xx_HAL_Driver/Src/stm32f1xx_hal.c ****   *       is called, the SysTick interrupt will be disabled and so Tick increment
 395:Drivers/STM32F1xx_HAL_Driver/Src/stm32f1xx_hal.c ****   *       is suspended.
 396:Drivers/STM32F1xx_HAL_Driver/Src/stm32f1xx_hal.c ****   * @note This function is declared as __weak to be overwritten in case of other
 397:Drivers/STM32F1xx_HAL_Driver/Src/stm32f1xx_hal.c ****   *       implementations in user file.
 398:Drivers/STM32F1xx_HAL_Driver/Src/stm32f1xx_hal.c ****   * @retval None
 399:Drivers/STM32F1xx_HAL_Driver/Src/stm32f1xx_hal.c ****   */
 400:Drivers/STM32F1xx_HAL_Driver/Src/stm32f1xx_hal.c **** __weak void HAL_SuspendTick(void)
 401:Drivers/STM32F1xx_HAL_Driver/Src/stm32f1xx_hal.c **** {
 415              		.loc 1 401 0
 416              		.cfi_startproc
 417              		@ args = 0, pretend = 0, frame = 0
 418              		@ frame_needed = 0, uses_anonymous_args = 0
 419              		@ link register save eliminated.
 402:Drivers/STM32F1xx_HAL_Driver/Src/stm32f1xx_hal.c ****   /* Disable SysTick Interrupt */
 403:Drivers/STM32F1xx_HAL_Driver/Src/stm32f1xx_hal.c ****   CLEAR_BIT(SysTick->CTRL, SysTick_CTRL_TICKINT_Msk);
 420              		.loc 1 403 0
 421 0000 024A     		ldr	r2, .L43
 422 0002 1368     		ldr	r3, [r2]
 423 0004 23F00203 		bic	r3, r3, #2
 424 0008 1360     		str	r3, [r2]
 425 000a 7047     		bx	lr
 426              	.L44:
 427              		.align	2
 428              	.L43:
 429 000c 10E000E0 		.word	-536813552
 430              		.cfi_endproc
 431              	.LFE74:
 433              		.section	.text.HAL_ResumeTick,"ax",%progbits
 434              		.align	2
 435              		.weak	HAL_ResumeTick
 436              		.thumb
 437              		.thumb_func
 439              	HAL_ResumeTick:
 440              	.LFB75:
 404:Drivers/STM32F1xx_HAL_Driver/Src/stm32f1xx_hal.c **** }
 405:Drivers/STM32F1xx_HAL_Driver/Src/stm32f1xx_hal.c **** 
 406:Drivers/STM32F1xx_HAL_Driver/Src/stm32f1xx_hal.c **** /**
 407:Drivers/STM32F1xx_HAL_Driver/Src/stm32f1xx_hal.c ****   * @brief Resume Tick increment.
 408:Drivers/STM32F1xx_HAL_Driver/Src/stm32f1xx_hal.c ****   * @note In the default implementation , SysTick timer is the source of time base. It is
 409:Drivers/STM32F1xx_HAL_Driver/Src/stm32f1xx_hal.c ****   *       used to generate interrupts at regular time intervals. Once HAL_ResumeTick()
 410:Drivers/STM32F1xx_HAL_Driver/Src/stm32f1xx_hal.c ****   *       is called, the SysTick interrupt will be enabled and so Tick increment
 411:Drivers/STM32F1xx_HAL_Driver/Src/stm32f1xx_hal.c ****   *       is resumed.
 412:Drivers/STM32F1xx_HAL_Driver/Src/stm32f1xx_hal.c ****   * @note This function is declared as __weak to be overwritten in case of other
 413:Drivers/STM32F1xx_HAL_Driver/Src/stm32f1xx_hal.c ****   *       implementations in user file.
 414:Drivers/STM32F1xx_HAL_Driver/Src/stm32f1xx_hal.c ****   * @retval None
 415:Drivers/STM32F1xx_HAL_Driver/Src/stm32f1xx_hal.c ****   */
 416:Drivers/STM32F1xx_HAL_Driver/Src/stm32f1xx_hal.c **** __weak void HAL_ResumeTick(void)
 417:Drivers/STM32F1xx_HAL_Driver/Src/stm32f1xx_hal.c **** {
 441              		.loc 1 417 0
 442              		.cfi_startproc
 443              		@ args = 0, pretend = 0, frame = 0
 444              		@ frame_needed = 0, uses_anonymous_args = 0
 445              		@ link register save eliminated.
 418:Drivers/STM32F1xx_HAL_Driver/Src/stm32f1xx_hal.c ****   /* Enable SysTick Interrupt */
ARM GAS  /tmp/cczFPRnd.s 			page 16


 419:Drivers/STM32F1xx_HAL_Driver/Src/stm32f1xx_hal.c ****   SET_BIT(SysTick->CTRL, SysTick_CTRL_TICKINT_Msk);
 446              		.loc 1 419 0
 447 0000 024A     		ldr	r2, .L46
 448 0002 1368     		ldr	r3, [r2]
 449 0004 43F00203 		orr	r3, r3, #2
 450 0008 1360     		str	r3, [r2]
 451 000a 7047     		bx	lr
 452              	.L47:
 453              		.align	2
 454              	.L46:
 455 000c 10E000E0 		.word	-536813552
 456              		.cfi_endproc
 457              	.LFE75:
 459              		.section	.text.HAL_GetHalVersion,"ax",%progbits
 460              		.align	2
 461              		.global	HAL_GetHalVersion
 462              		.thumb
 463              		.thumb_func
 465              	HAL_GetHalVersion:
 466              	.LFB76:
 420:Drivers/STM32F1xx_HAL_Driver/Src/stm32f1xx_hal.c **** }
 421:Drivers/STM32F1xx_HAL_Driver/Src/stm32f1xx_hal.c **** 
 422:Drivers/STM32F1xx_HAL_Driver/Src/stm32f1xx_hal.c **** /**
 423:Drivers/STM32F1xx_HAL_Driver/Src/stm32f1xx_hal.c ****   * @brief  Returns the HAL revision
 424:Drivers/STM32F1xx_HAL_Driver/Src/stm32f1xx_hal.c ****   * @retval version 0xXYZR (8bits for each decimal, R for RC)
 425:Drivers/STM32F1xx_HAL_Driver/Src/stm32f1xx_hal.c ****   */
 426:Drivers/STM32F1xx_HAL_Driver/Src/stm32f1xx_hal.c **** uint32_t HAL_GetHalVersion(void)
 427:Drivers/STM32F1xx_HAL_Driver/Src/stm32f1xx_hal.c **** {
 467              		.loc 1 427 0
 468              		.cfi_startproc
 469              		@ args = 0, pretend = 0, frame = 0
 470              		@ frame_needed = 0, uses_anonymous_args = 0
 471              		@ link register save eliminated.
 428:Drivers/STM32F1xx_HAL_Driver/Src/stm32f1xx_hal.c ****   return __STM32F1xx_HAL_VERSION;
 429:Drivers/STM32F1xx_HAL_Driver/Src/stm32f1xx_hal.c **** }
 472              		.loc 1 429 0
 473 0000 0048     		ldr	r0, .L49
 474 0002 7047     		bx	lr
 475              	.L50:
 476              		.align	2
 477              	.L49:
 478 0004 00020101 		.word	16843264
 479              		.cfi_endproc
 480              	.LFE76:
 482              		.section	.text.HAL_GetREVID,"ax",%progbits
 483              		.align	2
 484              		.global	HAL_GetREVID
 485              		.thumb
 486              		.thumb_func
 488              	HAL_GetREVID:
 489              	.LFB77:
 430:Drivers/STM32F1xx_HAL_Driver/Src/stm32f1xx_hal.c **** 
 431:Drivers/STM32F1xx_HAL_Driver/Src/stm32f1xx_hal.c **** /**
 432:Drivers/STM32F1xx_HAL_Driver/Src/stm32f1xx_hal.c ****   * @brief Returns the device revision identifier.
 433:Drivers/STM32F1xx_HAL_Driver/Src/stm32f1xx_hal.c ****   * Note: On devices STM32F10xx8 and STM32F10xxB,
 434:Drivers/STM32F1xx_HAL_Driver/Src/stm32f1xx_hal.c ****   *                  STM32F101xC/D/E and STM32F103xC/D/E,
 435:Drivers/STM32F1xx_HAL_Driver/Src/stm32f1xx_hal.c ****   *                  STM32F101xF/G and STM32F103xF/G
ARM GAS  /tmp/cczFPRnd.s 			page 17


 436:Drivers/STM32F1xx_HAL_Driver/Src/stm32f1xx_hal.c ****   *                  STM32F10xx4 and STM32F10xx6
 437:Drivers/STM32F1xx_HAL_Driver/Src/stm32f1xx_hal.c ****   *       Debug registers DBGMCU_IDCODE and DBGMCU_CR are accessible only in
 438:Drivers/STM32F1xx_HAL_Driver/Src/stm32f1xx_hal.c ****   *       debug mode (not accessible by the user software in normal mode).
 439:Drivers/STM32F1xx_HAL_Driver/Src/stm32f1xx_hal.c ****   *       Refer to errata sheet of these devices for more details.
 440:Drivers/STM32F1xx_HAL_Driver/Src/stm32f1xx_hal.c ****   * @retval Device revision identifier
 441:Drivers/STM32F1xx_HAL_Driver/Src/stm32f1xx_hal.c ****   */
 442:Drivers/STM32F1xx_HAL_Driver/Src/stm32f1xx_hal.c **** uint32_t HAL_GetREVID(void)
 443:Drivers/STM32F1xx_HAL_Driver/Src/stm32f1xx_hal.c **** {
 490              		.loc 1 443 0
 491              		.cfi_startproc
 492              		@ args = 0, pretend = 0, frame = 0
 493              		@ frame_needed = 0, uses_anonymous_args = 0
 494              		@ link register save eliminated.
 444:Drivers/STM32F1xx_HAL_Driver/Src/stm32f1xx_hal.c ****   return ((DBGMCU->IDCODE) >> DBGMCU_IDCODE_REV_ID_Pos);
 495              		.loc 1 444 0
 496 0000 014B     		ldr	r3, .L52
 497 0002 1868     		ldr	r0, [r3]
 445:Drivers/STM32F1xx_HAL_Driver/Src/stm32f1xx_hal.c **** }
 498              		.loc 1 445 0
 499 0004 000C     		lsrs	r0, r0, #16
 500 0006 7047     		bx	lr
 501              	.L53:
 502              		.align	2
 503              	.L52:
 504 0008 002004E0 		.word	-536600576
 505              		.cfi_endproc
 506              	.LFE77:
 508              		.section	.text.HAL_GetDEVID,"ax",%progbits
 509              		.align	2
 510              		.global	HAL_GetDEVID
 511              		.thumb
 512              		.thumb_func
 514              	HAL_GetDEVID:
 515              	.LFB78:
 446:Drivers/STM32F1xx_HAL_Driver/Src/stm32f1xx_hal.c **** 
 447:Drivers/STM32F1xx_HAL_Driver/Src/stm32f1xx_hal.c **** /**
 448:Drivers/STM32F1xx_HAL_Driver/Src/stm32f1xx_hal.c ****   * @brief  Returns the device identifier.
 449:Drivers/STM32F1xx_HAL_Driver/Src/stm32f1xx_hal.c ****   * Note: On devices STM32F10xx8 and STM32F10xxB,
 450:Drivers/STM32F1xx_HAL_Driver/Src/stm32f1xx_hal.c ****   *                  STM32F101xC/D/E and STM32F103xC/D/E,
 451:Drivers/STM32F1xx_HAL_Driver/Src/stm32f1xx_hal.c ****   *                  STM32F101xF/G and STM32F103xF/G
 452:Drivers/STM32F1xx_HAL_Driver/Src/stm32f1xx_hal.c ****   *                  STM32F10xx4 and STM32F10xx6
 453:Drivers/STM32F1xx_HAL_Driver/Src/stm32f1xx_hal.c ****   *       Debug registers DBGMCU_IDCODE and DBGMCU_CR are accessible only in
 454:Drivers/STM32F1xx_HAL_Driver/Src/stm32f1xx_hal.c ****   *       debug mode (not accessible by the user software in normal mode).
 455:Drivers/STM32F1xx_HAL_Driver/Src/stm32f1xx_hal.c ****   *       Refer to errata sheet of these devices for more details.
 456:Drivers/STM32F1xx_HAL_Driver/Src/stm32f1xx_hal.c ****   * @retval Device identifier
 457:Drivers/STM32F1xx_HAL_Driver/Src/stm32f1xx_hal.c ****   */
 458:Drivers/STM32F1xx_HAL_Driver/Src/stm32f1xx_hal.c **** uint32_t HAL_GetDEVID(void)
 459:Drivers/STM32F1xx_HAL_Driver/Src/stm32f1xx_hal.c **** {
 516              		.loc 1 459 0
 517              		.cfi_startproc
 518              		@ args = 0, pretend = 0, frame = 0
 519              		@ frame_needed = 0, uses_anonymous_args = 0
 520              		@ link register save eliminated.
 460:Drivers/STM32F1xx_HAL_Driver/Src/stm32f1xx_hal.c ****   return ((DBGMCU->IDCODE) & IDCODE_DEVID_MASK);
 521              		.loc 1 460 0
 522 0000 024B     		ldr	r3, .L55
 523 0002 1868     		ldr	r0, [r3]
ARM GAS  /tmp/cczFPRnd.s 			page 18


 461:Drivers/STM32F1xx_HAL_Driver/Src/stm32f1xx_hal.c **** }
 524              		.loc 1 461 0
 525 0004 C0F30B00 		ubfx	r0, r0, #0, #12
 526 0008 7047     		bx	lr
 527              	.L56:
 528 000a 00BF     		.align	2
 529              	.L55:
 530 000c 002004E0 		.word	-536600576
 531              		.cfi_endproc
 532              	.LFE78:
 534              		.section	.text.HAL_DBGMCU_EnableDBGSleepMode,"ax",%progbits
 535              		.align	2
 536              		.global	HAL_DBGMCU_EnableDBGSleepMode
 537              		.thumb
 538              		.thumb_func
 540              	HAL_DBGMCU_EnableDBGSleepMode:
 541              	.LFB79:
 462:Drivers/STM32F1xx_HAL_Driver/Src/stm32f1xx_hal.c **** 
 463:Drivers/STM32F1xx_HAL_Driver/Src/stm32f1xx_hal.c **** /**
 464:Drivers/STM32F1xx_HAL_Driver/Src/stm32f1xx_hal.c ****   * @brief  Enable the Debug Module during SLEEP mode
 465:Drivers/STM32F1xx_HAL_Driver/Src/stm32f1xx_hal.c ****   * @retval None
 466:Drivers/STM32F1xx_HAL_Driver/Src/stm32f1xx_hal.c ****   */
 467:Drivers/STM32F1xx_HAL_Driver/Src/stm32f1xx_hal.c **** void HAL_DBGMCU_EnableDBGSleepMode(void)
 468:Drivers/STM32F1xx_HAL_Driver/Src/stm32f1xx_hal.c **** {
 542              		.loc 1 468 0
 543              		.cfi_startproc
 544              		@ args = 0, pretend = 0, frame = 0
 545              		@ frame_needed = 0, uses_anonymous_args = 0
 546              		@ link register save eliminated.
 469:Drivers/STM32F1xx_HAL_Driver/Src/stm32f1xx_hal.c ****   SET_BIT(DBGMCU->CR, DBGMCU_CR_DBG_SLEEP);
 547              		.loc 1 469 0
 548 0000 024A     		ldr	r2, .L58
 549 0002 5368     		ldr	r3, [r2, #4]
 550 0004 43F00103 		orr	r3, r3, #1
 551 0008 5360     		str	r3, [r2, #4]
 552 000a 7047     		bx	lr
 553              	.L59:
 554              		.align	2
 555              	.L58:
 556 000c 002004E0 		.word	-536600576
 557              		.cfi_endproc
 558              	.LFE79:
 560              		.section	.text.HAL_DBGMCU_DisableDBGSleepMode,"ax",%progbits
 561              		.align	2
 562              		.global	HAL_DBGMCU_DisableDBGSleepMode
 563              		.thumb
 564              		.thumb_func
 566              	HAL_DBGMCU_DisableDBGSleepMode:
 567              	.LFB80:
 470:Drivers/STM32F1xx_HAL_Driver/Src/stm32f1xx_hal.c **** }
 471:Drivers/STM32F1xx_HAL_Driver/Src/stm32f1xx_hal.c **** 
 472:Drivers/STM32F1xx_HAL_Driver/Src/stm32f1xx_hal.c **** /**
 473:Drivers/STM32F1xx_HAL_Driver/Src/stm32f1xx_hal.c ****   * @brief  Disable the Debug Module during SLEEP mode
 474:Drivers/STM32F1xx_HAL_Driver/Src/stm32f1xx_hal.c ****   * Note: On devices STM32F10xx8 and STM32F10xxB,
 475:Drivers/STM32F1xx_HAL_Driver/Src/stm32f1xx_hal.c ****   *                  STM32F101xC/D/E and STM32F103xC/D/E,
 476:Drivers/STM32F1xx_HAL_Driver/Src/stm32f1xx_hal.c ****   *                  STM32F101xF/G and STM32F103xF/G
 477:Drivers/STM32F1xx_HAL_Driver/Src/stm32f1xx_hal.c ****   *                  STM32F10xx4 and STM32F10xx6
ARM GAS  /tmp/cczFPRnd.s 			page 19


 478:Drivers/STM32F1xx_HAL_Driver/Src/stm32f1xx_hal.c ****   *       Debug registers DBGMCU_IDCODE and DBGMCU_CR are accessible only in
 479:Drivers/STM32F1xx_HAL_Driver/Src/stm32f1xx_hal.c ****   *       debug mode (not accessible by the user software in normal mode).
 480:Drivers/STM32F1xx_HAL_Driver/Src/stm32f1xx_hal.c ****   *       Refer to errata sheet of these devices for more details.
 481:Drivers/STM32F1xx_HAL_Driver/Src/stm32f1xx_hal.c ****   * @retval None
 482:Drivers/STM32F1xx_HAL_Driver/Src/stm32f1xx_hal.c ****   */
 483:Drivers/STM32F1xx_HAL_Driver/Src/stm32f1xx_hal.c **** void HAL_DBGMCU_DisableDBGSleepMode(void)
 484:Drivers/STM32F1xx_HAL_Driver/Src/stm32f1xx_hal.c **** {
 568              		.loc 1 484 0
 569              		.cfi_startproc
 570              		@ args = 0, pretend = 0, frame = 0
 571              		@ frame_needed = 0, uses_anonymous_args = 0
 572              		@ link register save eliminated.
 485:Drivers/STM32F1xx_HAL_Driver/Src/stm32f1xx_hal.c ****   CLEAR_BIT(DBGMCU->CR, DBGMCU_CR_DBG_SLEEP);
 573              		.loc 1 485 0
 574 0000 024A     		ldr	r2, .L61
 575 0002 5368     		ldr	r3, [r2, #4]
 576 0004 23F00103 		bic	r3, r3, #1
 577 0008 5360     		str	r3, [r2, #4]
 578 000a 7047     		bx	lr
 579              	.L62:
 580              		.align	2
 581              	.L61:
 582 000c 002004E0 		.word	-536600576
 583              		.cfi_endproc
 584              	.LFE80:
 586              		.section	.text.HAL_DBGMCU_EnableDBGStopMode,"ax",%progbits
 587              		.align	2
 588              		.global	HAL_DBGMCU_EnableDBGStopMode
 589              		.thumb
 590              		.thumb_func
 592              	HAL_DBGMCU_EnableDBGStopMode:
 593              	.LFB81:
 486:Drivers/STM32F1xx_HAL_Driver/Src/stm32f1xx_hal.c **** }
 487:Drivers/STM32F1xx_HAL_Driver/Src/stm32f1xx_hal.c **** 
 488:Drivers/STM32F1xx_HAL_Driver/Src/stm32f1xx_hal.c **** /**
 489:Drivers/STM32F1xx_HAL_Driver/Src/stm32f1xx_hal.c ****   * @brief  Enable the Debug Module during STOP mode
 490:Drivers/STM32F1xx_HAL_Driver/Src/stm32f1xx_hal.c ****   * Note: On devices STM32F10xx8 and STM32F10xxB,
 491:Drivers/STM32F1xx_HAL_Driver/Src/stm32f1xx_hal.c ****   *                  STM32F101xC/D/E and STM32F103xC/D/E,
 492:Drivers/STM32F1xx_HAL_Driver/Src/stm32f1xx_hal.c ****   *                  STM32F101xF/G and STM32F103xF/G
 493:Drivers/STM32F1xx_HAL_Driver/Src/stm32f1xx_hal.c ****   *                  STM32F10xx4 and STM32F10xx6
 494:Drivers/STM32F1xx_HAL_Driver/Src/stm32f1xx_hal.c ****   *       Debug registers DBGMCU_IDCODE and DBGMCU_CR are accessible only in
 495:Drivers/STM32F1xx_HAL_Driver/Src/stm32f1xx_hal.c ****   *       debug mode (not accessible by the user software in normal mode).
 496:Drivers/STM32F1xx_HAL_Driver/Src/stm32f1xx_hal.c ****   *       Refer to errata sheet of these devices for more details.
 497:Drivers/STM32F1xx_HAL_Driver/Src/stm32f1xx_hal.c ****   * Note: On all STM32F1 devices:
 498:Drivers/STM32F1xx_HAL_Driver/Src/stm32f1xx_hal.c ****   *       If the system tick timer interrupt is enabled during the Stop mode
 499:Drivers/STM32F1xx_HAL_Driver/Src/stm32f1xx_hal.c ****   *       debug (DBG_STOP bit set in the DBGMCU_CR register ), it will wakeup
 500:Drivers/STM32F1xx_HAL_Driver/Src/stm32f1xx_hal.c ****   *       the system from Stop mode.
 501:Drivers/STM32F1xx_HAL_Driver/Src/stm32f1xx_hal.c ****   *       Workaround: To debug the Stop mode, disable the system tick timer
 502:Drivers/STM32F1xx_HAL_Driver/Src/stm32f1xx_hal.c ****   *       interrupt.
 503:Drivers/STM32F1xx_HAL_Driver/Src/stm32f1xx_hal.c ****   *       Refer to errata sheet of these devices for more details.
 504:Drivers/STM32F1xx_HAL_Driver/Src/stm32f1xx_hal.c ****   * Note: On all STM32F1 devices:
 505:Drivers/STM32F1xx_HAL_Driver/Src/stm32f1xx_hal.c ****   *       If the system tick timer interrupt is enabled during the Stop mode
 506:Drivers/STM32F1xx_HAL_Driver/Src/stm32f1xx_hal.c ****   *       debug (DBG_STOP bit set in the DBGMCU_CR register ), it will wakeup
 507:Drivers/STM32F1xx_HAL_Driver/Src/stm32f1xx_hal.c ****   *       the system from Stop mode.
 508:Drivers/STM32F1xx_HAL_Driver/Src/stm32f1xx_hal.c ****   *       Workaround: To debug the Stop mode, disable the system tick timer
 509:Drivers/STM32F1xx_HAL_Driver/Src/stm32f1xx_hal.c ****   *       interrupt.
 510:Drivers/STM32F1xx_HAL_Driver/Src/stm32f1xx_hal.c ****   *       Refer to errata sheet of these devices for more details.
ARM GAS  /tmp/cczFPRnd.s 			page 20


 511:Drivers/STM32F1xx_HAL_Driver/Src/stm32f1xx_hal.c ****   * @retval None
 512:Drivers/STM32F1xx_HAL_Driver/Src/stm32f1xx_hal.c ****   */
 513:Drivers/STM32F1xx_HAL_Driver/Src/stm32f1xx_hal.c **** void HAL_DBGMCU_EnableDBGStopMode(void)
 514:Drivers/STM32F1xx_HAL_Driver/Src/stm32f1xx_hal.c **** {
 594              		.loc 1 514 0
 595              		.cfi_startproc
 596              		@ args = 0, pretend = 0, frame = 0
 597              		@ frame_needed = 0, uses_anonymous_args = 0
 598              		@ link register save eliminated.
 515:Drivers/STM32F1xx_HAL_Driver/Src/stm32f1xx_hal.c ****   SET_BIT(DBGMCU->CR, DBGMCU_CR_DBG_STOP);
 599              		.loc 1 515 0
 600 0000 024A     		ldr	r2, .L64
 601 0002 5368     		ldr	r3, [r2, #4]
 602 0004 43F00203 		orr	r3, r3, #2
 603 0008 5360     		str	r3, [r2, #4]
 604 000a 7047     		bx	lr
 605              	.L65:
 606              		.align	2
 607              	.L64:
 608 000c 002004E0 		.word	-536600576
 609              		.cfi_endproc
 610              	.LFE81:
 612              		.section	.text.HAL_DBGMCU_DisableDBGStopMode,"ax",%progbits
 613              		.align	2
 614              		.global	HAL_DBGMCU_DisableDBGStopMode
 615              		.thumb
 616              		.thumb_func
 618              	HAL_DBGMCU_DisableDBGStopMode:
 619              	.LFB82:
 516:Drivers/STM32F1xx_HAL_Driver/Src/stm32f1xx_hal.c **** }
 517:Drivers/STM32F1xx_HAL_Driver/Src/stm32f1xx_hal.c **** 
 518:Drivers/STM32F1xx_HAL_Driver/Src/stm32f1xx_hal.c **** /**
 519:Drivers/STM32F1xx_HAL_Driver/Src/stm32f1xx_hal.c ****   * @brief  Disable the Debug Module during STOP mode
 520:Drivers/STM32F1xx_HAL_Driver/Src/stm32f1xx_hal.c ****   * Note: On devices STM32F10xx8 and STM32F10xxB,
 521:Drivers/STM32F1xx_HAL_Driver/Src/stm32f1xx_hal.c ****   *                  STM32F101xC/D/E and STM32F103xC/D/E,
 522:Drivers/STM32F1xx_HAL_Driver/Src/stm32f1xx_hal.c ****   *                  STM32F101xF/G and STM32F103xF/G
 523:Drivers/STM32F1xx_HAL_Driver/Src/stm32f1xx_hal.c ****   *                  STM32F10xx4 and STM32F10xx6
 524:Drivers/STM32F1xx_HAL_Driver/Src/stm32f1xx_hal.c ****   *       Debug registers DBGMCU_IDCODE and DBGMCU_CR are accessible only in
 525:Drivers/STM32F1xx_HAL_Driver/Src/stm32f1xx_hal.c ****   *       debug mode (not accessible by the user software in normal mode).
 526:Drivers/STM32F1xx_HAL_Driver/Src/stm32f1xx_hal.c ****   *       Refer to errata sheet of these devices for more details.
 527:Drivers/STM32F1xx_HAL_Driver/Src/stm32f1xx_hal.c ****   * @retval None
 528:Drivers/STM32F1xx_HAL_Driver/Src/stm32f1xx_hal.c ****   */
 529:Drivers/STM32F1xx_HAL_Driver/Src/stm32f1xx_hal.c **** void HAL_DBGMCU_DisableDBGStopMode(void)
 530:Drivers/STM32F1xx_HAL_Driver/Src/stm32f1xx_hal.c **** {
 620              		.loc 1 530 0
 621              		.cfi_startproc
 622              		@ args = 0, pretend = 0, frame = 0
 623              		@ frame_needed = 0, uses_anonymous_args = 0
 624              		@ link register save eliminated.
 531:Drivers/STM32F1xx_HAL_Driver/Src/stm32f1xx_hal.c ****   CLEAR_BIT(DBGMCU->CR, DBGMCU_CR_DBG_STOP);
 625              		.loc 1 531 0
 626 0000 024A     		ldr	r2, .L67
 627 0002 5368     		ldr	r3, [r2, #4]
 628 0004 23F00203 		bic	r3, r3, #2
 629 0008 5360     		str	r3, [r2, #4]
 630 000a 7047     		bx	lr
 631              	.L68:
ARM GAS  /tmp/cczFPRnd.s 			page 21


 632              		.align	2
 633              	.L67:
 634 000c 002004E0 		.word	-536600576
 635              		.cfi_endproc
 636              	.LFE82:
 638              		.section	.text.HAL_DBGMCU_EnableDBGStandbyMode,"ax",%progbits
 639              		.align	2
 640              		.global	HAL_DBGMCU_EnableDBGStandbyMode
 641              		.thumb
 642              		.thumb_func
 644              	HAL_DBGMCU_EnableDBGStandbyMode:
 645              	.LFB83:
 532:Drivers/STM32F1xx_HAL_Driver/Src/stm32f1xx_hal.c **** }
 533:Drivers/STM32F1xx_HAL_Driver/Src/stm32f1xx_hal.c **** 
 534:Drivers/STM32F1xx_HAL_Driver/Src/stm32f1xx_hal.c **** /**
 535:Drivers/STM32F1xx_HAL_Driver/Src/stm32f1xx_hal.c ****   * @brief  Enable the Debug Module during STANDBY mode
 536:Drivers/STM32F1xx_HAL_Driver/Src/stm32f1xx_hal.c ****   * Note: On devices STM32F10xx8 and STM32F10xxB,
 537:Drivers/STM32F1xx_HAL_Driver/Src/stm32f1xx_hal.c ****   *                  STM32F101xC/D/E and STM32F103xC/D/E,
 538:Drivers/STM32F1xx_HAL_Driver/Src/stm32f1xx_hal.c ****   *                  STM32F101xF/G and STM32F103xF/G
 539:Drivers/STM32F1xx_HAL_Driver/Src/stm32f1xx_hal.c ****   *                  STM32F10xx4 and STM32F10xx6
 540:Drivers/STM32F1xx_HAL_Driver/Src/stm32f1xx_hal.c ****   *       Debug registers DBGMCU_IDCODE and DBGMCU_CR are accessible only in
 541:Drivers/STM32F1xx_HAL_Driver/Src/stm32f1xx_hal.c ****   *       debug mode (not accessible by the user software in normal mode).
 542:Drivers/STM32F1xx_HAL_Driver/Src/stm32f1xx_hal.c ****   *       Refer to errata sheet of these devices for more details.
 543:Drivers/STM32F1xx_HAL_Driver/Src/stm32f1xx_hal.c ****   * @retval None
 544:Drivers/STM32F1xx_HAL_Driver/Src/stm32f1xx_hal.c ****   */
 545:Drivers/STM32F1xx_HAL_Driver/Src/stm32f1xx_hal.c **** void HAL_DBGMCU_EnableDBGStandbyMode(void)
 546:Drivers/STM32F1xx_HAL_Driver/Src/stm32f1xx_hal.c **** {
 646              		.loc 1 546 0
 647              		.cfi_startproc
 648              		@ args = 0, pretend = 0, frame = 0
 649              		@ frame_needed = 0, uses_anonymous_args = 0
 650              		@ link register save eliminated.
 547:Drivers/STM32F1xx_HAL_Driver/Src/stm32f1xx_hal.c ****   SET_BIT(DBGMCU->CR, DBGMCU_CR_DBG_STANDBY);
 651              		.loc 1 547 0
 652 0000 024A     		ldr	r2, .L70
 653 0002 5368     		ldr	r3, [r2, #4]
 654 0004 43F00403 		orr	r3, r3, #4
 655 0008 5360     		str	r3, [r2, #4]
 656 000a 7047     		bx	lr
 657              	.L71:
 658              		.align	2
 659              	.L70:
 660 000c 002004E0 		.word	-536600576
 661              		.cfi_endproc
 662              	.LFE83:
 664              		.section	.text.HAL_DBGMCU_DisableDBGStandbyMode,"ax",%progbits
 665              		.align	2
 666              		.global	HAL_DBGMCU_DisableDBGStandbyMode
 667              		.thumb
 668              		.thumb_func
 670              	HAL_DBGMCU_DisableDBGStandbyMode:
 671              	.LFB84:
 548:Drivers/STM32F1xx_HAL_Driver/Src/stm32f1xx_hal.c **** }
 549:Drivers/STM32F1xx_HAL_Driver/Src/stm32f1xx_hal.c **** 
 550:Drivers/STM32F1xx_HAL_Driver/Src/stm32f1xx_hal.c **** /**
 551:Drivers/STM32F1xx_HAL_Driver/Src/stm32f1xx_hal.c ****   * @brief  Disable the Debug Module during STANDBY mode
 552:Drivers/STM32F1xx_HAL_Driver/Src/stm32f1xx_hal.c ****   * Note: On devices STM32F10xx8 and STM32F10xxB,
ARM GAS  /tmp/cczFPRnd.s 			page 22


 553:Drivers/STM32F1xx_HAL_Driver/Src/stm32f1xx_hal.c ****   *                  STM32F101xC/D/E and STM32F103xC/D/E,
 554:Drivers/STM32F1xx_HAL_Driver/Src/stm32f1xx_hal.c ****   *                  STM32F101xF/G and STM32F103xF/G
 555:Drivers/STM32F1xx_HAL_Driver/Src/stm32f1xx_hal.c ****   *                  STM32F10xx4 and STM32F10xx6
 556:Drivers/STM32F1xx_HAL_Driver/Src/stm32f1xx_hal.c ****   *       Debug registers DBGMCU_IDCODE and DBGMCU_CR are accessible only in
 557:Drivers/STM32F1xx_HAL_Driver/Src/stm32f1xx_hal.c ****   *       debug mode (not accessible by the user software in normal mode).
 558:Drivers/STM32F1xx_HAL_Driver/Src/stm32f1xx_hal.c ****   *       Refer to errata sheet of these devices for more details.
 559:Drivers/STM32F1xx_HAL_Driver/Src/stm32f1xx_hal.c ****   * @retval None
 560:Drivers/STM32F1xx_HAL_Driver/Src/stm32f1xx_hal.c ****   */
 561:Drivers/STM32F1xx_HAL_Driver/Src/stm32f1xx_hal.c **** void HAL_DBGMCU_DisableDBGStandbyMode(void)
 562:Drivers/STM32F1xx_HAL_Driver/Src/stm32f1xx_hal.c **** {
 672              		.loc 1 562 0
 673              		.cfi_startproc
 674              		@ args = 0, pretend = 0, frame = 0
 675              		@ frame_needed = 0, uses_anonymous_args = 0
 676              		@ link register save eliminated.
 563:Drivers/STM32F1xx_HAL_Driver/Src/stm32f1xx_hal.c ****   CLEAR_BIT(DBGMCU->CR, DBGMCU_CR_DBG_STANDBY);
 677              		.loc 1 563 0
 678 0000 024A     		ldr	r2, .L73
 679 0002 5368     		ldr	r3, [r2, #4]
 680 0004 23F00403 		bic	r3, r3, #4
 681 0008 5360     		str	r3, [r2, #4]
 682 000a 7047     		bx	lr
 683              	.L74:
 684              		.align	2
 685              	.L73:
 686 000c 002004E0 		.word	-536600576
 687              		.cfi_endproc
 688              	.LFE84:
 690              		.section	.text.HAL_GetUID,"ax",%progbits
 691              		.align	2
 692              		.global	HAL_GetUID
 693              		.thumb
 694              		.thumb_func
 696              	HAL_GetUID:
 697              	.LFB85:
 564:Drivers/STM32F1xx_HAL_Driver/Src/stm32f1xx_hal.c **** }
 565:Drivers/STM32F1xx_HAL_Driver/Src/stm32f1xx_hal.c **** 
 566:Drivers/STM32F1xx_HAL_Driver/Src/stm32f1xx_hal.c **** /**
 567:Drivers/STM32F1xx_HAL_Driver/Src/stm32f1xx_hal.c ****   * @brief Return the unique device identifier (UID based on 96 bits)
 568:Drivers/STM32F1xx_HAL_Driver/Src/stm32f1xx_hal.c ****   * @param UID pointer to 3 words array.
 569:Drivers/STM32F1xx_HAL_Driver/Src/stm32f1xx_hal.c ****   * @retval Device identifier
 570:Drivers/STM32F1xx_HAL_Driver/Src/stm32f1xx_hal.c ****   */
 571:Drivers/STM32F1xx_HAL_Driver/Src/stm32f1xx_hal.c **** void HAL_GetUID(uint32_t *UID)
 572:Drivers/STM32F1xx_HAL_Driver/Src/stm32f1xx_hal.c **** {
 698              		.loc 1 572 0
 699              		.cfi_startproc
 700              		@ args = 0, pretend = 0, frame = 0
 701              		@ frame_needed = 0, uses_anonymous_args = 0
 702              		@ link register save eliminated.
 703              	.LVL23:
 573:Drivers/STM32F1xx_HAL_Driver/Src/stm32f1xx_hal.c ****   UID[0] = (uint32_t)(READ_REG(*((uint32_t *)UID_BASE)));
 704              		.loc 1 573 0
 705 0000 044B     		ldr	r3, .L76
 706 0002 1B68     		ldr	r3, [r3]
 707 0004 0360     		str	r3, [r0]
 574:Drivers/STM32F1xx_HAL_Driver/Src/stm32f1xx_hal.c ****   UID[1] = (uint32_t)(READ_REG(*((uint32_t *)(UID_BASE + 4U))));
 708              		.loc 1 574 0
ARM GAS  /tmp/cczFPRnd.s 			page 23


 709 0006 044B     		ldr	r3, .L76+4
 710 0008 1B68     		ldr	r3, [r3]
 711 000a 4360     		str	r3, [r0, #4]
 575:Drivers/STM32F1xx_HAL_Driver/Src/stm32f1xx_hal.c ****   UID[2] = (uint32_t)(READ_REG(*((uint32_t *)(UID_BASE + 8U))));
 712              		.loc 1 575 0
 713 000c 034B     		ldr	r3, .L76+8
 714 000e 1B68     		ldr	r3, [r3]
 715 0010 8360     		str	r3, [r0, #8]
 716 0012 7047     		bx	lr
 717              	.L77:
 718              		.align	2
 719              	.L76:
 720 0014 E8F7FF1F 		.word	536868840
 721 0018 ECF7FF1F 		.word	536868844
 722 001c F0F7FF1F 		.word	536868848
 723              		.cfi_endproc
 724              	.LFE85:
 726              		.global	uwTickFreq
 727              		.global	uwTickPrio
 728              		.comm	uwTick,4,4
 729              		.section	.data.uwTickPrio,"aw",%progbits
 730              		.align	2
 731              		.set	.LANCHOR1,. + 0
 734              	uwTickPrio:
 735 0000 10000000 		.word	16
 736              		.section	.data.uwTickFreq,"aw",%progbits
 737              		.set	.LANCHOR0,. + 0
 740              	uwTickFreq:
 741 0000 01       		.byte	1
 742              		.text
 743              	.Letext0:
 744              		.file 2 "Drivers/CMSIS/Device/ST/STM32F1xx/Include/stm32f103xb.h"
 745              		.file 3 "/usr/include/newlib/machine/_default_types.h"
 746              		.file 4 "/usr/include/newlib/sys/_stdint.h"
 747              		.file 5 "Drivers/CMSIS/Include/core_cm3.h"
 748              		.file 6 "Drivers/STM32F1xx_HAL_Driver/Inc/stm32f1xx_hal_def.h"
 749              		.file 7 "Drivers/STM32F1xx_HAL_Driver/Inc/stm32f1xx_hal.h"
 750              		.file 8 "Drivers/CMSIS/Device/ST/STM32F1xx/Include/system_stm32f1xx.h"
 751              		.file 9 "Drivers/STM32F1xx_HAL_Driver/Inc/stm32f1xx_hal_cortex.h"
ARM GAS  /tmp/cczFPRnd.s 			page 24


DEFINED SYMBOLS
                            *ABS*:0000000000000000 stm32f1xx_hal.c
     /tmp/cczFPRnd.s:19     .text.HAL_MspInit:0000000000000000 $t
     /tmp/cczFPRnd.s:24     .text.HAL_MspInit:0000000000000000 HAL_MspInit
     /tmp/cczFPRnd.s:37     .text.HAL_MspDeInit:0000000000000000 $t
     /tmp/cczFPRnd.s:42     .text.HAL_MspDeInit:0000000000000000 HAL_MspDeInit
     /tmp/cczFPRnd.s:54     .text.HAL_DeInit:0000000000000000 $t
     /tmp/cczFPRnd.s:59     .text.HAL_DeInit:0000000000000000 HAL_DeInit
     /tmp/cczFPRnd.s:91     .text.HAL_DeInit:000000000000001c $d
     /tmp/cczFPRnd.s:96     .text.HAL_InitTick:0000000000000000 $t
     /tmp/cczFPRnd.s:101    .text.HAL_InitTick:0000000000000000 HAL_InitTick
     /tmp/cczFPRnd.s:156    .text.HAL_InitTick:0000000000000040 $d
     /tmp/cczFPRnd.s:163    .text.HAL_Init:0000000000000000 $t
     /tmp/cczFPRnd.s:168    .text.HAL_Init:0000000000000000 HAL_Init
     /tmp/cczFPRnd.s:201    .text.HAL_Init:0000000000000020 $d
     /tmp/cczFPRnd.s:206    .text.HAL_IncTick:0000000000000000 $t
     /tmp/cczFPRnd.s:211    .text.HAL_IncTick:0000000000000000 HAL_IncTick
     /tmp/cczFPRnd.s:229    .text.HAL_IncTick:0000000000000010 $d
                            *COM*:0000000000000004 uwTick
     /tmp/cczFPRnd.s:235    .text.HAL_GetTick:0000000000000000 $t
     /tmp/cczFPRnd.s:240    .text.HAL_GetTick:0000000000000000 HAL_GetTick
     /tmp/cczFPRnd.s:255    .text.HAL_GetTick:0000000000000008 $d
     /tmp/cczFPRnd.s:260    .text.HAL_GetTickPrio:0000000000000000 $t
     /tmp/cczFPRnd.s:265    .text.HAL_GetTickPrio:0000000000000000 HAL_GetTickPrio
     /tmp/cczFPRnd.s:279    .text.HAL_GetTickPrio:0000000000000008 $d
     /tmp/cczFPRnd.s:284    .text.HAL_SetTickFreq:0000000000000000 $t
     /tmp/cczFPRnd.s:289    .text.HAL_SetTickFreq:0000000000000000 HAL_SetTickFreq
     /tmp/cczFPRnd.s:327    .text.HAL_SetTickFreq:000000000000001c $d
     /tmp/cczFPRnd.s:333    .text.HAL_GetTickFreq:0000000000000000 $t
     /tmp/cczFPRnd.s:338    .text.HAL_GetTickFreq:0000000000000000 HAL_GetTickFreq
     /tmp/cczFPRnd.s:352    .text.HAL_GetTickFreq:0000000000000008 $d
     /tmp/cczFPRnd.s:357    .text.HAL_Delay:0000000000000000 $t
     /tmp/cczFPRnd.s:362    .text.HAL_Delay:0000000000000000 HAL_Delay
     /tmp/cczFPRnd.s:403    .text.HAL_Delay:0000000000000024 $d
     /tmp/cczFPRnd.s:408    .text.HAL_SuspendTick:0000000000000000 $t
     /tmp/cczFPRnd.s:413    .text.HAL_SuspendTick:0000000000000000 HAL_SuspendTick
     /tmp/cczFPRnd.s:429    .text.HAL_SuspendTick:000000000000000c $d
     /tmp/cczFPRnd.s:434    .text.HAL_ResumeTick:0000000000000000 $t
     /tmp/cczFPRnd.s:439    .text.HAL_ResumeTick:0000000000000000 HAL_ResumeTick
     /tmp/cczFPRnd.s:455    .text.HAL_ResumeTick:000000000000000c $d
     /tmp/cczFPRnd.s:460    .text.HAL_GetHalVersion:0000000000000000 $t
     /tmp/cczFPRnd.s:465    .text.HAL_GetHalVersion:0000000000000000 HAL_GetHalVersion
     /tmp/cczFPRnd.s:478    .text.HAL_GetHalVersion:0000000000000004 $d
     /tmp/cczFPRnd.s:483    .text.HAL_GetREVID:0000000000000000 $t
     /tmp/cczFPRnd.s:488    .text.HAL_GetREVID:0000000000000000 HAL_GetREVID
     /tmp/cczFPRnd.s:504    .text.HAL_GetREVID:0000000000000008 $d
     /tmp/cczFPRnd.s:509    .text.HAL_GetDEVID:0000000000000000 $t
     /tmp/cczFPRnd.s:514    .text.HAL_GetDEVID:0000000000000000 HAL_GetDEVID
     /tmp/cczFPRnd.s:530    .text.HAL_GetDEVID:000000000000000c $d
     /tmp/cczFPRnd.s:535    .text.HAL_DBGMCU_EnableDBGSleepMode:0000000000000000 $t
     /tmp/cczFPRnd.s:540    .text.HAL_DBGMCU_EnableDBGSleepMode:0000000000000000 HAL_DBGMCU_EnableDBGSleepMode
     /tmp/cczFPRnd.s:556    .text.HAL_DBGMCU_EnableDBGSleepMode:000000000000000c $d
     /tmp/cczFPRnd.s:561    .text.HAL_DBGMCU_DisableDBGSleepMode:0000000000000000 $t
     /tmp/cczFPRnd.s:566    .text.HAL_DBGMCU_DisableDBGSleepMode:0000000000000000 HAL_DBGMCU_DisableDBGSleepMode
     /tmp/cczFPRnd.s:582    .text.HAL_DBGMCU_DisableDBGSleepMode:000000000000000c $d
     /tmp/cczFPRnd.s:587    .text.HAL_DBGMCU_EnableDBGStopMode:0000000000000000 $t
     /tmp/cczFPRnd.s:592    .text.HAL_DBGMCU_EnableDBGStopMode:0000000000000000 HAL_DBGMCU_EnableDBGStopMode
ARM GAS  /tmp/cczFPRnd.s 			page 25


     /tmp/cczFPRnd.s:608    .text.HAL_DBGMCU_EnableDBGStopMode:000000000000000c $d
     /tmp/cczFPRnd.s:613    .text.HAL_DBGMCU_DisableDBGStopMode:0000000000000000 $t
     /tmp/cczFPRnd.s:618    .text.HAL_DBGMCU_DisableDBGStopMode:0000000000000000 HAL_DBGMCU_DisableDBGStopMode
     /tmp/cczFPRnd.s:634    .text.HAL_DBGMCU_DisableDBGStopMode:000000000000000c $d
     /tmp/cczFPRnd.s:639    .text.HAL_DBGMCU_EnableDBGStandbyMode:0000000000000000 $t
     /tmp/cczFPRnd.s:644    .text.HAL_DBGMCU_EnableDBGStandbyMode:0000000000000000 HAL_DBGMCU_EnableDBGStandbyMode
     /tmp/cczFPRnd.s:660    .text.HAL_DBGMCU_EnableDBGStandbyMode:000000000000000c $d
     /tmp/cczFPRnd.s:665    .text.HAL_DBGMCU_DisableDBGStandbyMode:0000000000000000 $t
     /tmp/cczFPRnd.s:670    .text.HAL_DBGMCU_DisableDBGStandbyMode:0000000000000000 HAL_DBGMCU_DisableDBGStandbyMode
     /tmp/cczFPRnd.s:686    .text.HAL_DBGMCU_DisableDBGStandbyMode:000000000000000c $d
     /tmp/cczFPRnd.s:691    .text.HAL_GetUID:0000000000000000 $t
     /tmp/cczFPRnd.s:696    .text.HAL_GetUID:0000000000000000 HAL_GetUID
     /tmp/cczFPRnd.s:720    .text.HAL_GetUID:0000000000000014 $d
     /tmp/cczFPRnd.s:740    .data.uwTickFreq:0000000000000000 uwTickFreq
     /tmp/cczFPRnd.s:734    .data.uwTickPrio:0000000000000000 uwTickPrio
     /tmp/cczFPRnd.s:730    .data.uwTickPrio:0000000000000000 $d
                     .debug_frame:0000000000000010 $d

UNDEFINED SYMBOLS
HAL_SYSTICK_Config
HAL_NVIC_SetPriority
SystemCoreClock
HAL_NVIC_SetPriorityGrouping
